[系统] 加载 10 个 Nitter 实例
[2026-05-12 16:36:40.085932] 监控启动，账号：['u9_BlockChain', 'Feng_btc', 'luyuban69', 'YOYO_uu9', 'CryptoUKong', 'yuan20258888', 'Reboottttttt', 'xeogy92298766']，间隔：600s

--- 新轮询 [2026-05-12 16:36:40] ---
[u9_BlockChain] 加载：https://nitter.tiekoetter.com/u9_BlockChain
[u9_BlockChain] https://nitter.tiekoetter.com 加载失败：Timeout 45000ms exceeded.
[u9_BlockChain] 加载：https://nitter.privacyredirect.com/u9_BlockChain
[u9_BlockChain] 跳过置顶
[u9_BlockChain] 抓取成功：2054116306774098262
[u9_BlockChain] 新推文：2054116306774098262
[u9_BlockChain] Telegram 图片推送成功
[Feng_btc] 加载：https://nitter.catsarch.com/Feng_btc
[Feng_btc] https://nitter.catsarch.com 403，跳过
[Feng_btc] 加载：https://nitter.privacyredirect.com/Feng_btc
[Feng_btc] 跳过置顶
[Feng_btc] 抓取成功：2054110010649764108
[Feng_btc] 无新推文
[luyuban69] 加载：https://nitter.tiekoetter.com/luyuban69
[luyuban69] 跳过置顶
[luyuban69] 抓取成功：2054084925893312739
[luyuban69] 无新推文
[YOYO_uu9] 加载：https://nitter.tiekoetter.com/YOYO_uu9
[YOYO_uu9] 跳过置顶
[YOYO_uu9] 抓取成功：2053876935697301713
[YOYO_uu9] 无新推文
[CryptoUKong] 加载：https://nitter.catsarch.com/CryptoUKong
[CryptoUKong] https://nitter.catsarch.com 403，跳过
[CryptoUKong] 加载：https://nitter.privacyredirect.com/CryptoUKong
[CryptoUKong] 抓取成功：2053927174109892711
[CryptoUKong] 无新推文
[yuan20258888] 加载：https://xcancel.com/yuan20258888
[yuan20258888] https://xcancel.com 未找到推文
[yuan20258888] 加载：https://nitter.privacyredirect.com/yuan20258888
[yuan20258888] 抓取成功：2054058796901928978
[yuan20258888] 无新推文
[Reboottttttt] 加载：https://nitter.tiekoetter.com/Reboottttttt
[Reboottttttt] https://nitter.tiekoetter.com 未找到推文
[Reboottttttt] 加载：https://nitter.privacyredirect.com/Reboottttttt
[Reboottttttt] 跳过置顶
[Reboottttttt] 抓取成功：2054108359964643543
[Reboottttttt] 无新推文
[xeogy92298766] 加载：https://xcancel.com/xeogy92298766
[xeogy92298766] https://xcancel.com 未找到推文
[xeogy92298766] 加载：https://nitter.privacyredirect.com/xeogy92298766
[xeogy92298766] 跳过置顶
[xeogy92298766] 抓取成功：2053735843882529154
[xeogy92298766] 无新推文
[系统] last_id.json 已更新
--- 耗时 126.0s，休眠 474.0s ---

--- 新轮询 [2026-05-12 16:47:07] ---
[u9_BlockChain] 加载：https://nitter.tiekoetter.com/u9_BlockChain
[u9_BlockChain] 跳过置顶
[u9_BlockChain] 抓取成功：2054047901979230381
[u9_BlockChain] 新推文：2054047901979230381
[u9_BlockChain] Telegram 文字推送成功
[Feng_btc] 加载：https://nitter.net/Feng_btc
[Feng_btc] https://nitter.net 未找到推文
[Feng_btc] 加载：https://xcancel.com/Feng_btc
[Feng_btc] https://xcancel.com 未找到推文
[Feng_btc] 加载：https://nitter.catsarch.com/Feng_btc
[Feng_btc] https://nitter.catsarch.com 403，跳过
[Feng_btc] 加载：https://nitter.tiekoetter.com/Feng_btc
[Feng_btc] 跳过置顶
[Feng_btc] 抓取成功：2054088428808245546
[Feng_btc] 新推文：2054088428808245546
[Feng_btc] Telegram 图片推送成功
[luyuban69] 加载：https://xcancel.com/luyuban69
[luyuban69] https://xcancel.com 未找到推文
[luyuban69] 加载：https://nitter.net/luyuban69
[luyuban69] https://nitter.net 未找到推文
[luyuban69] 加载：https://nitter.privacyredirect.com/luyuban69
[luyuban69] 跳过置顶
[luyuban69] 抓取成功：2054120379711697224
[luyuban69] 新推文：2054120379711697224
[luyuban69] Telegram 异常：HTTPSConnectionPool(host='api.telegram.org', port=443): Read timed out. (read timeout=15)
[YOYO_uu9] 加载：https://nitter.tiekoetter.com/YOYO_uu9
[YOYO_uu9] 跳过置顶
[YOYO_uu9] 抓取成功：2053876935697301713
[YOYO_uu9] 无新推文
[CryptoUKong] 加载：https://nitter.privacyredirect.com/CryptoUKong
[CryptoUKong] 抓取成功：2053927174109892711
[CryptoUKong] 无新推文
[yuan20258888] 加载：https://xcancel.com/yuan20258888
[yuan20258888] https://xcancel.com 未找到推文
[yuan20258888] 加载：https://nitter.net/yuan20258888
[yuan20258888] https://nitter.net 未找到推文
[yuan20258888] 加载：https://nitter.catsarch.com/yuan20258888
[yuan20258888] https://nitter.catsarch.com 403，跳过
[yuan20258888] 加载：https://nitter.tiekoetter.com/yuan20258888
[yuan20258888] 抓取成功：2054058796901928978
[yuan20258888] 无新推文
[Reboottttttt] 加载：https://nitter.privacyredirect.com/Reboottttttt
[Reboottttttt] 跳过置顶
[Reboottttttt] 抓取成功：2054108359964643543
[Reboottttttt] 无新推文
[xeogy92298766] 加载：https://xcancel.com/xeogy92298766
[xeogy92298766] https://xcancel.com 未找到推文
[xeogy92298766] 加载：https://nitter.tiekoetter.com/xeogy92298766
[xeogy92298766] 跳过置顶
[xeogy92298766] 抓取成功：2053735843882529154
[xeogy92298766] 无新推文
[系统] last_id.json 已更新
--- 耗时 114.3s，休眠 485.7s ---

--- 新轮询 [2026-05-12 16:57:35] ---
[u9_BlockChain] 加载：https://xcancel.com/u9_BlockChain
[u9_BlockChain] https://xcancel.com 未找到推文
[u9_BlockChain] 加载：https://nitter.net/u9_BlockChain
[u9_BlockChain] https://nitter.net 未找到推文
[u9_BlockChain] 加载：https://nitter.privacyredirect.com/u9_BlockChain
[u9_BlockChain] 跳过置顶
[u9_BlockChain] 抓取成功：2054116306774098262
[u9_BlockChain] 新推文：2054116306774098262
[u9_BlockChain] Telegram 图片推送成功
[Feng_btc] 加载：https://xcancel.com/Feng_btc
[Feng_btc] https://xcancel.com 未找到推文
[Feng_btc] 加载：https://nitter.privacyredirect.com/Feng_btc
[Feng_btc] 跳过置顶
[Feng_btc] 抓取成功：2054123696806392051
[Feng_btc] 新推文：2054123696806392051
[Feng_btc] Telegram 异常：HTTPSConnectionPool(host='api.telegram.org', port=443): Read timed out. (read timeout=15)
[luyuban69] 加载：https://nitter.tiekoetter.com/luyuban69
[luyuban69] 跳过置顶
[luyuban69] 抓取成功：2054084925893312739
[luyuban69] 新推文：2054084925893312739
[luyuban69] Telegram 图片推送成功
[YOYO_uu9] 加载：https://nitter.privacyredirect.com/YOYO_uu9
[YOYO_uu9] 跳过置顶
[YOYO_uu9] 抓取成功：2053876935697301713
[YOYO_uu9] 无新推文
[CryptoUKong] 加载：https://nitter.tiekoetter.com/CryptoUKong
[CryptoUKong] https://nitter.tiekoetter.com 未找到推文
[CryptoUKong] 加载：https://xcancel.com/CryptoUKong
[CryptoUKong] https://xcancel.com 未找到推文
[CryptoUKong] 加载：https://nitter.privacyredirect.com/CryptoUKong
[CryptoUKong] 抓取成功：2053927174109892711
[CryptoUKong] 无新推文
[yuan20258888] 加载：https://nitter.tiekoetter.com/yuan20258888
[yuan20258888] 抓取成功：2054058796901928978
[yuan20258888] 无新推文
[Reboottttttt] 加载：https://nitter.catsarch.com/Reboottttttt
[Reboottttttt] https://nitter.catsarch.com 403，跳过
[Reboottttttt] 加载：https://xcancel.com/Reboottttttt
[Reboottttttt] https://xcancel.com 未找到推文
[Reboottttttt] 加载：https://nitter.tiekoetter.com/Reboottttttt
[Reboottttttt] 跳过置顶
[Reboottttttt] 抓取成功：2054021491898073585
[Reboottttttt] 新推文：2054021491898073585
[Reboottttttt] Telegram 图片推送成功
[xeogy92298766] 加载：https://nitter.tiekoetter.com/xeogy92298766
[xeogy92298766] 跳过置顶
[xeogy92298766] 抓取成功：2053735843882529154
[xeogy92298766] 无新推文
[系统] last_id.json 已更新
--- 耗时 108.7s，休眠 491.3s ---

--- 新轮询 [2026-05-12 17:07:59] ---
[u9_BlockChain] 加载：https://nitter.net/u9_BlockChain
[u9_BlockChain] https://nitter.net 未找到推文
[u9_BlockChain] 加载：https://nitter.catsarch.com/u9_BlockChain
[u9_BlockChain] https://nitter.catsarch.com 403，跳过
[u9_BlockChain] 加载：https://xcancel.com/u9_BlockChain
[u9_BlockChain] https://xcancel.com 未找到推文
[u9_BlockChain] 加载：https://nitter.privacyredirect.com/u9_BlockChain
[u9_BlockChain] 跳过置顶
[u9_BlockChain] 抓取成功：2054116306774098262
[u9_BlockChain] 无新推文
[Feng_btc] 加载：https://nitter.tiekoetter.com/Feng_btc
[Feng_btc] 跳过置顶
[Feng_btc] 抓取成功：2054088428808245546
[Feng_btc] 新推文：2054088428808245546
[Feng_btc] Telegram 图片推送成功
[luyuban69] 加载：https://nitter.tiekoetter.com/luyuban69
[luyuban69] 跳过置顶
[luyuban69] 抓取成功：2054084925893312739
[luyuban69] 无新推文
[YOYO_uu9] 加载：https://nitter.tiekoetter.com/YOYO_uu9
[YOYO_uu9] https://nitter.tiekoetter.com 未找到推文
[YOYO_uu9] 加载：https://nitter.catsarch.com/YOYO_uu9
[YOYO_uu9] https://nitter.catsarch.com 403，跳过
[YOYO_uu9] 加载：https://nitter.net/YOYO_uu9
[YOYO_uu9] https://nitter.net 未找到推文
[YOYO_uu9] 加载：https://xcancel.com/YOYO_uu9
[YOYO_uu9] https://xcancel.com 未找到推文
[YOYO_uu9] 加载：https://nitter.privacyredirect.com/YOYO_uu9
[YOYO_uu9] 跳过置顶
[YOYO_uu9] 抓取成功：2053876935697301713
[YOYO_uu9] 无新推文
[CryptoUKong] 加载：https://nitter.net/CryptoUKong
[CryptoUKong] https://nitter.net 未找到推文
[CryptoUKong] 加载：https://nitter.catsarch.com/CryptoUKong
[CryptoUKong] https://nitter.catsarch.com 403，跳过
[CryptoUKong] 加载：https://nitter.tiekoetter.com/CryptoUKong
[CryptoUKong] 抓取成功：2053927174109892711
[CryptoUKong] 无新推文
[yuan20258888] 加载：https://nitter.tiekoetter.com/yuan20258888
[yuan20258888] https://nitter.tiekoetter.com 未找到推文
[yuan20258888] 加载：https://nitter.net/yuan20258888
[yuan20258888] https://nitter.net 未找到推文
[yuan20258888] 加载：https://xcancel.com/yuan20258888
[yuan20258888] https://xcancel.com 未找到推文
[yuan20258888] 加载：https://nitter.privacyredirect.com/yuan20258888
[yuan20258888] 抓取成功：2054058796901928978
[yuan20258888] 无新推文
[Reboottttttt] 加载：https://xcancel.com/Reboottttttt
[Reboottttttt] https://xcancel.com 未找到推文
[Reboottttttt] 加载：https://nitter.tiekoetter.com/Reboottttttt
[Reboottttttt] 跳过置顶
[Reboottttttt] 抓取成功：2054021491898073585
[Reboottttttt] 无新推文
[xeogy92298766] 加载：https://nitter.tiekoetter.com/xeogy92298766
[xeogy92298766] 跳过置顶
[xeogy92298766] 抓取成功：2053735843882529154
[xeogy92298766] 无新推文
[系统] last_id.json 已更新
--- 耗时 110.5s，休眠 489.5s ---

--- 新轮询 [2026-05-12 17:18:26] ---
[u9_BlockChain] 加载：https://nitter.net/u9_BlockChain
[u9_BlockChain] https://nitter.net 未找到推文
[u9_BlockChain] 加载：https://nitter.catsarch.com/u9_BlockChain
[u9_BlockChain] https://nitter.catsarch.com 403，跳过
[u9_BlockChain] 加载：https://nitter.tiekoetter.com/u9_BlockChain
[u9_BlockChain] https://nitter.tiekoetter.com 未找到推文
[u9_BlockChain] 加载：https://nitter.privacyredirect.com/u9_BlockChain
[u9_BlockChain] 跳过置顶
[u9_BlockChain] 抓取成功：2054116306774098262
[u9_BlockChain] 无新推文
[Feng_btc] 加载：https://nitter.catsarch.com/Feng_btc
[Feng_btc] https://nitter.catsarch.com 403，跳过
[Feng_btc] 加载：https://nitter.privacyredirect.com/Feng_btc
[Feng_btc] 跳过置顶
[Feng_btc] 抓取成功：2054123696806392051
[Feng_btc] 新推文：2054123696806392051
[Feng_btc] Telegram 图片推送成功
[luyuban69] 加载：https://nitter.tiekoetter.com/luyuban69
[luyuban69] https://nitter.tiekoetter.com 未找到推文
[luyuban69] 加载：https://nitter.net/luyuban69
[luyuban69] https://nitter.net 未找到推文
[luyuban69] 加载：https://nitter.privacyredirect.com/luyuban69
[luyuban69] 跳过置顶
[luyuban69] 抓取成功：2054120379711697224
[luyuban69] 新推文：2054120379711697224
[luyuban69] Telegram 图片推送成功
[YOYO_uu9] 加载：https://nitter.net/YOYO_uu9
[YOYO_uu9] https://nitter.net 未找到推文
[YOYO_uu9] 加载：https://nitter.catsarch.com/YOYO_uu9
[YOYO_uu9] https://nitter.catsarch.com 403，跳过
[YOYO_uu9] 加载：https://nitter.privacyredirect.com/YOYO_uu9
[YOYO_uu9] 跳过置顶
[YOYO_uu9] 抓取成功：2053876935697301713
[YOYO_uu9] 无新推文
[CryptoUKong] 加载：https://nitter.tiekoetter.com/CryptoUKong
[CryptoUKong] https://nitter.tiekoetter.com 未找到推文
[CryptoUKong] 加载：https://xcancel.com/CryptoUKong
[CryptoUKong] https://xcancel.com 未找到推文
[CryptoUKong] 加载：https://nitter.privacyredirect.com/CryptoUKong
[CryptoUKong] 抓取成功：2053927174109892711
[CryptoUKong] 无新推文
[yuan20258888] 加载：https://nitter.net/yuan20258888
[yuan20258888] https://nitter.net 未找到推文
[yuan20258888] 加载：https://xcancel.com/yuan20258888
[yuan20258888] https://xcancel.com 未找到推文
[yuan20258888] 加载：https://nitter.catsarch.com/yuan20258888
[yuan20258888] https://nitter.catsarch.com 403，跳过
[yuan20258888] 加载：https://nitter.privacyredirect.com/yuan20258888
[yuan20258888] 抓取成功：2054058796901928978
[yuan20258888] 无新推文
[Reboottttttt] 加载：https://xcancel.com/Reboottttttt
[Reboottttttt] https://xcancel.com 未找到推文
[Reboottttttt] 加载：https://nitter.tiekoetter.com/Reboottttttt
[Reboottttttt] https://nitter.tiekoetter.com 未找到推文
[Reboottttttt] 加载：https://nitter.catsarch.com/Reboottttttt
[Reboottttttt] https://nitter.catsarch.com 403，跳过
[Reboottttttt] 加载：https://nitter.privacyredirect.com/Reboottttttt
[Reboottttttt] 跳过置顶
[Reboottttttt] 抓取成功：2054108359964643543
[Reboottttttt] 新推文：2054108359964643543
[Reboottttttt] Telegram 图片推送成功
[xeogy92298766] 加载：https://nitter.catsarch.com/xeogy92298766
[xeogy92298766] https://nitter.catsarch.com 403，跳过
[xeogy92298766] 加载：https://nitter.net/xeogy92298766
[xeogy92298766] https://nitter.net 未找到推文
[xeogy92298766] 加载：https://xcancel.com/xeogy92298766
[xeogy92298766] https://xcancel.com 未找到推文
[xeogy92298766] 加载：https://nitter.privacyredirect.com/xeogy92298766
[xeogy92298766] 跳过置顶
[xeogy92298766] 抓取成功：2053735843882529154
[xeogy92298766] 无新推文
[系统] last_id.json 已更新
--- 耗时 111.0s，休眠 489.0s ---

--- 新轮询 [2026-05-12 17:28:53] ---
[u9_BlockChain] 加载：https://xcancel.com/u9_BlockChain
[u9_BlockChain] https://xcancel.com 未找到推文
[u9_BlockChain] 加载：https://nitter.privacyredirect.com/u9_BlockChain
[u9_BlockChain] 跳过置顶
[u9_BlockChain] 抓取成功：2054116306774098262
[u9_BlockChain] 无新推文
[Feng_btc] 加载：https://nitter.tiekoetter.com/Feng_btc
[Feng_btc] https://nitter.tiekoetter.com 未找到推文
[Feng_btc] 加载：https://nitter.catsarch.com/Feng_btc
[Feng_btc] https://nitter.catsarch.com 403，跳过
[Feng_btc] 加载：https://nitter.net/Feng_btc
[Feng_btc] https://nitter.net 未找到推文
[Feng_btc] 加载：https://nitter.privacyredirect.com/Feng_btc
[Feng_btc] 跳过置顶
[Feng_btc] 抓取成功：2054129258268901459
[Feng_btc] 新推文：2054129258268901459
[Feng_btc] Telegram 异常：HTTPSConnectionPool(host='api.telegram.org', port=443): Read timed out. (read timeout=15)
[luyuban69] 加载：https://nitter.tiekoetter.com/luyuban69
[luyuban69] https://nitter.tiekoetter.com 未找到推文
[luyuban69] 加载：https://nitter.privacyredirect.com/luyuban69
[luyuban69] 跳过置顶
[luyuban69] 抓取成功：2054120379711697224
[luyuban69] 无新推文
[YOYO_uu9] 加载：https://xcancel.com/YOYO_uu9
[YOYO_uu9] https://xcancel.com 未找到推文
[YOYO_uu9] 加载：https://nitter.privacyredirect.com/YOYO_uu9
[YOYO_uu9] 跳过置顶
[YOYO_uu9] 抓取成功：2053876935697301713
[YOYO_uu9] 无新推文
[CryptoUKong] 加载：https://nitter.privacyredirect.com/CryptoUKong
[CryptoUKong] 抓取成功：2053927174109892711
[CryptoUKong] 无新推文
[yuan20258888] 加载：https://xcancel.com/yuan20258888
[yuan20258888] https://xcancel.com 未找到推文
[yuan20258888] 加载：https://nitter.catsarch.com/yuan20258888
[yuan20258888] https://nitter.catsarch.com 403，跳过
[yuan20258888] 加载：https://nitter.privacyredirect.com/yuan20258888
[yuan20258888] 抓取成功：2054058796901928978
[yuan20258888] 无新推文
[Reboottttttt] 加载：https://xcancel.com/Reboottttttt
[Reboottttttt] https://xcancel.com 未找到推文
[Reboottttttt] 加载：https://nitter.catsarch.com/Reboottttttt
[Reboottttttt] https://nitter.catsarch.com 403，跳过
[Reboottttttt] 加载：https://nitter.privacyredirect.com/Reboottttttt
[Reboottttttt] 跳过置顶
[Reboottttttt] 抓取成功：2054108359964643543
[Reboottttttt] 无新推文
[xeogy92298766] 加载：https://nitter.catsarch.com/xeogy92298766
[xeogy92298766] https://nitter.catsarch.com 403，跳过
[xeogy92298766] 加载：https://nitter.privacyredirect.com/xeogy92298766
[xeogy92298766] 跳过置顶
[xeogy92298766] 抓取成功：2053735843882529154
[xeogy92298766] 无新推文
[系统] last_id.json 已更新
--- 耗时 105.1s，休眠 494.9s ---

--- 新轮询 [2026-05-12 17:39:24] ---
[u9_BlockChain] 加载：https://nitter.privacyredirect.com/u9_BlockChain
[u9_BlockChain] 跳过置顶
[u9_BlockChain] 抓取成功：2054116306774098262
[u9_BlockChain] 无新推文
[Feng_btc] 加载：https://xcancel.com/Feng_btc
[Feng_btc] https://xcancel.com 未找到推文
[Feng_btc] 加载：https://nitter.catsarch.com/Feng_btc
[Feng_btc] https://nitter.catsarch.com 403，跳过
[Feng_btc] 加载：https://nitter.privacyredirect.com/Feng_btc
[Feng_btc] 跳过置顶
[Feng_btc] 抓取成功：2054129258268901459
[Feng_btc] 无新推文
[luyuban69] 加载：https://xcancel.com/luyuban69
[luyuban69] https://xcancel.com 未找到推文
[luyuban69] 加载：https://nitter.catsarch.com/luyuban69
[luyuban69] https://nitter.catsarch.com 403，跳过
[luyuban69] 加载：https://nitter.net/luyuban69
[luyuban69] https://nitter.net 未找到推文
[luyuban69] 加载：https://nitter.tiekoetter.com/luyuban69
[luyuban69] https://nitter.tiekoetter.com 未找到推文
[luyuban69] 加载：https://nitter.privacyredirect.com/luyuban69
[luyuban69] 跳过置顶
[luyuban69] 抓取成功：2054120379711697224
[luyuban69] 无新推文
[YOYO_uu9] 加载：https://nitter.tiekoetter.com/YOYO_uu9
[YOYO_uu9] https://nitter.tiekoetter.com 未找到推文
[YOYO_uu9] 加载：https://nitter.catsarch.com/YOYO_uu9
[YOYO_uu9] https://nitter.catsarch.com 403，跳过
[YOYO_uu9] 加载：https://nitter.privacyredirect.com/YOYO_uu9
[YOYO_uu9] 跳过置顶
[YOYO_uu9] 抓取成功：2053876935697301713
[YOYO_uu9] 无新推文
[CryptoUKong] 加载：https://xcancel.com/CryptoUKong
[CryptoUKong] https://xcancel.com 未找到推文
[CryptoUKong] 加载：https://nitter.net/CryptoUKong
[CryptoUKong] https://nitter.net 未找到推文
[CryptoUKong] 加载：https://nitter.catsarch.com/CryptoUKong
[CryptoUKong] https://nitter.catsarch.com 403，跳过
[CryptoUKong] 加载：https://nitter.privacyredirect.com/CryptoUKong
[CryptoUKong] 抓取成功：2053927174109892711
[CryptoUKong] 无新推文
[yuan20258888] 加载：https://nitter.catsarch.com/yuan20258888
[yuan20258888] https://nitter.catsarch.com 403，跳过
[yuan20258888] 加载：https://nitter.privacyredirect.com/yuan20258888
[yuan20258888] 抓取成功：2054058796901928978
[yuan20258888] 无新推文
[Reboottttttt] 加载：https://nitter.privacyredirect.com/Reboottttttt
[Reboottttttt] 跳过置顶
[Reboottttttt] 抓取成功：2054108359964643543
[Reboottttttt] 无新推文
[xeogy92298766] 加载：https://nitter.tiekoetter.com/xeogy92298766
[xeogy92298766] https://nitter.tiekoetter.com 未找到推文
[xeogy92298766] 加载：https://xcancel.com/xeogy92298766
[xeogy92298766] https://xcancel.com 未找到推文
[xeogy92298766] 加载：https://nitter.net/xeogy92298766
[xeogy92298766] https://nitter.net 未找到推文
[xeogy92298766] 加载：https://nitter.privacyredirect.com/xeogy92298766
[xeogy92298766] 跳过置顶
[xeogy92298766] 抓取成功：2053735843882529154
[xeogy92298766] 无新推文
--- 耗时 101.6s，休眠 498.4s ---

--- 新轮询 [2026-05-12 17:49:53] ---
[u9_BlockChain] 加载：https://nitter.net/u9_BlockChain
[u9_BlockChain] https://nitter.net 未找到推文
[u9_BlockChain] 加载：https://xcancel.com/u9_BlockChain
[u9_BlockChain] https://xcancel.com 未找到推文
[u9_BlockChain] 加载：https://nitter.privacyredirect.com/u9_BlockChain
[u9_BlockChain] 跳过置顶
[u9_BlockChain] 抓取成功：2054116306774098262
[u9_BlockChain] 无新推文
[Feng_btc] 加载：https://nitter.catsarch.com/Feng_btc
[Feng_btc] https://nitter.catsarch.com 403，跳过
[Feng_btc] 加载：https://xcancel.com/Feng_btc
[Feng_btc] https://xcancel.com 未找到推文
[Feng_btc] 加载：https://nitter.net/Feng_btc
[Feng_btc] https://nitter.net 未找到推文
[Feng_btc] 加载：https://nitter.tiekoetter.com/Feng_btc
[Feng_btc] https://nitter.tiekoetter.com 未找到推文
[Feng_btc] 加载：https://nitter.privacyredirect.com/Feng_btc
[Feng_btc] 跳过置顶
[Feng_btc] 抓取成功：2054129258268901459
[Feng_btc] 无新推文
[luyuban69] 加载：https://nitter.tiekoetter.com/luyuban69
[luyuban69] https://nitter.tiekoetter.com 未找到推文
[luyuban69] 加载：https://xcancel.com/luyuban69
[luyuban69] https://xcancel.com 未找到推文
[luyuban69] 加载：https://nitter.catsarch.com/luyuban69
[luyuban69] https://nitter.catsarch.com 403，跳过
[luyuban69] 加载：https://nitter.privacyredirect.com/luyuban69
[luyuban69] 跳过置顶
[luyuban69] 抓取成功：2054120379711697224
[luyuban69] 无新推文
[YOYO_uu9] 加载：https://nitter.catsarch.com/YOYO_uu9
[YOYO_uu9] https://nitter.catsarch.com 403，跳过
[YOYO_uu9] 加载：https://nitter.net/YOYO_uu9
[YOYO_uu9] https://nitter.net 未找到推文
[YOYO_uu9] 加载：https://xcancel.com/YOYO_uu9
[YOYO_uu9] https://xcancel.com 未找到推文
[YOYO_uu9] 加载：https://nitter.privacyredirect.com/YOYO_uu9
[YOYO_uu9] 跳过置顶
[YOYO_uu9] 抓取成功：2053876935697301713
[YOYO_uu9] 无新推文
[CryptoUKong] 加载：https://nitter.catsarch.com/CryptoUKong
[CryptoUKong] https://nitter.catsarch.com 403，跳过
[CryptoUKong] 加载：https://xcancel.com/CryptoUKong
[CryptoUKong] https://xcancel.com 未找到推文
[CryptoUKong] 加载：https://nitter.tiekoetter.com/CryptoUKong
[CryptoUKong] https://nitter.tiekoetter.com 未找到推文
[CryptoUKong] 加载：https://nitter.net/CryptoUKong
[CryptoUKong] https://nitter.net 未找到推文
[CryptoUKong] 加载：https://nitter.privacyredirect.com/CryptoUKong
[CryptoUKong] 抓取成功：2053927174109892711
[CryptoUKong] 无新推文
[yuan20258888] 加载：https://nitter.catsarch.com/yuan20258888
[yuan20258888] https://nitter.catsarch.com 403，跳过
[yuan20258888] 加载：https://nitter.tiekoetter.com/yuan20258888
[yuan20258888] https://nitter.tiekoetter.com 未找到推文
[yuan20258888] 加载：https://nitter.privacyredirect.com/yuan20258888
[yuan20258888] 抓取成功：2054058796901928978
[yuan20258888] 无新推文
[Reboottttttt] 加载：https://nitter.tiekoetter.com/Reboottttttt
[Reboottttttt] 跳过置顶
[Reboottttttt] 抓取成功：2054021491898073585
[Reboottttttt] 新推文：2054021491898073585
[Reboottttttt] Telegram 图片推送成功
[xeogy92298766] 加载：https://nitter.catsarch.com/xeogy92298766
[xeogy92298766] https://nitter.catsarch.com 403，跳过
[xeogy92298766] 加载：https://xcancel.com/xeogy92298766
[xeogy92298766] https://xcancel.com 未找到推文
[xeogy92298766] 加载：https://nitter.net/xeogy92298766
[xeogy92298766] https://nitter.net 未找到推文
[xeogy92298766] 加载：https://nitter.privacyredirect.com/xeogy92298766
[xeogy92298766] 跳过置顶
[xeogy92298766] 抓取成功：2053735843882529154
[xeogy92298766] 无新推文
[系统] last_id.json 已更新
--- 耗时 121.9s，休眠 478.1s ---

--- 新轮询 [2026-05-12 18:00:19] ---
[u9_BlockChain] 加载：https://xcancel.com/u9_BlockChain
[u9_BlockChain] https://xcancel.com 未找到推文
[u9_BlockChain] 加载：https://nitter.tiekoetter.com/u9_BlockChain
[u9_BlockChain] 跳过置顶
[u9_BlockChain] 抓取成功：2054047901979230381
[u9_BlockChain] 新推文：2054047901979230381
[u9_BlockChain] Telegram 文字推送成功
[Feng_btc] 加载：https://nitter.privacyredirect.com/Feng_btc
[Feng_btc] 跳过置顶
[Feng_btc] 抓取成功：2054129258268901459
[Feng_btc] 无新推文
[luyuban69] 加载：https://nitter.privacyredirect.com/luyuban69
[luyuban69] 跳过置顶
[luyuban69] 抓取成功：2054120379711697224
[luyuban69] 无新推文
[YOYO_uu9] 加载：https://nitter.tiekoetter.com/YOYO_uu9
[YOYO_uu9] 跳过置顶
[YOYO_uu9] 抓取成功：2053876935697301713
[YOYO_uu9] 无新推文
[CryptoUKong] 加载：https://nitter.tiekoetter.com/CryptoUKong
[CryptoUKong] https://nitter.tiekoetter.com 未找到推文
[CryptoUKong] 加载：https://nitter.privacyredirect.com/CryptoUKong
[CryptoUKong] 抓取成功：2053927174109892711
[CryptoUKong] 无新推文
[yuan20258888] 加载：https://xcancel.com/yuan20258888
[yuan20258888] https://xcancel.com 未找到推文
[yuan20258888] 加载：https://nitter.net/yuan20258888
[yuan20258888] https://nitter.net 未找到推文
[yuan20258888] 加载：https://nitter.privacyredirect.com/yuan20258888
[yuan20258888] 抓取成功：2054058796901928978
[yuan20258888] 无新推文
[Reboottttttt] 加载：https://nitter.net/Reboottttttt
[Reboottttttt] https://nitter.net 未找到推文
[Reboottttttt] 加载：https://nitter.privacyredirect.com/Reboottttttt
[Reboottttttt] 跳过置顶
[Reboottttttt] 抓取成功：2054108359964643543
[Reboottttttt] 新推文：2054108359964643543
[Reboottttttt] Telegram 图片推送成功
[xeogy92298766] 加载：https://nitter.tiekoetter.com/xeogy92298766
[xeogy92298766] 跳过置顶
[xeogy92298766] 抓取成功：2053735843882529154
[xeogy92298766] 无新推文
[系统] last_id.json 已更新
--- 耗时 88.7s，休眠 511.3s ---

--- 新轮询 [2026-05-12 18:10:49] ---
[u9_BlockChain] 加载：https://xcancel.com/u9_BlockChain
[u9_BlockChain] https://xcancel.com 未找到推文
[u9_BlockChain] 加载：https://nitter.tiekoetter.com/u9_BlockChain
[u9_BlockChain] 跳过置顶
[u9_BlockChain] 抓取成功：2054047901979230381
[u9_BlockChain] 无新推文
[Feng_btc] 加载：https://nitter.tiekoetter.com/Feng_btc
[Feng_btc] https://nitter.tiekoetter.com 未找到推文
[Feng_btc] 加载：https://nitter.privacyredirect.com/Feng_btc
[Feng_btc] 跳过置顶
[Feng_btc] 抓取成功：2054129258268901459
[Feng_btc] 无新推文
[luyuban69] 加载：https://nitter.tiekoetter.com/luyuban69
[luyuban69] https://nitter.tiekoetter.com 未找到推文
[luyuban69] 加载：https://nitter.catsarch.com/luyuban69
[luyuban69] https://nitter.catsarch.com 403，跳过
[luyuban69] 加载：https://nitter.net/luyuban69
[luyuban69] https://nitter.net 未找到推文
[luyuban69] 加载：https://nitter.privacyredirect.com/luyuban69
[luyuban69] 跳过置顶
[luyuban69] 抓取成功：2054120379711697224
[luyuban69] 无新推文
[YOYO_uu9] 加载：https://nitter.net/YOYO_uu9
[YOYO_uu9] https://nitter.net 未找到推文
[YOYO_uu9] 加载：https://nitter.tiekoetter.com/YOYO_uu9
[YOYO_uu9] 跳过置顶
[YOYO_uu9] 抓取成功：2053876935697301713
[YOYO_uu9] 无新推文
[CryptoUKong] 加载：https://nitter.tiekoetter.com/CryptoUKong
[CryptoUKong] 抓取成功：2053927174109892711
[CryptoUKong] 无新推文
[yuan20258888] 加载：https://nitter.catsarch.com/yuan20258888
[yuan20258888] https://nitter.catsarch.com 403，跳过
[yuan20258888] 加载：https://xcancel.com/yuan20258888
[yuan20258888] https://xcancel.com 未找到推文
[yuan20258888] 加载：https://nitter.net/yuan20258888
[yuan20258888] https://nitter.net 未找到推文
[yuan20258888] 加载：https://nitter.tiekoetter.com/yuan20258888
[yuan20258888] 抓取成功：2054058796901928978
[yuan20258888] 无新推文
[Reboottttttt] 加载：https://nitter.tiekoetter.com/Reboottttttt
[Reboottttttt] https://nitter.tiekoetter.com 未找到推文
[Reboottttttt] 加载：https://nitter.net/Reboottttttt
[Reboottttttt] https://nitter.net 未找到推文
[Reboottttttt] 加载：https://nitter.privacyredirect.com/Reboottttttt
[Reboottttttt] 跳过置顶
[Reboottttttt] 抓取成功：2054108359964643543
[Reboottttttt] 无新推文
[xeogy92298766] 加载：https://nitter.catsarch.com/xeogy92298766
[xeogy92298766] https://nitter.catsarch.com 403，跳过
[xeogy92298766] 加载：https://xcancel.com/xeogy92298766
[xeogy92298766] https://xcancel.com 未找到推文
[xeogy92298766] 加载：https://nitter.tiekoetter.com/xeogy92298766
[xeogy92298766] https://nitter.tiekoetter.com 加载失败：Timeout 45000ms exceeded.
[xeogy92298766] 加载：https://nitter.privacyredirect.com/xeogy92298766
[xeogy92298766] 跳过置顶
[xeogy92298766] 抓取成功：2053735843882529154
[xeogy92298766] 无新推文
--- 耗时 148.1s，休眠 451.9s ---

--- 新轮询 [2026-05-12 18:21:16] ---
[u9_BlockChain] 加载：https://nitter.privacyredirect.com/u9_BlockChain
[u9_BlockChain] 跳过置顶
[u9_BlockChain] 抓取成功：2054116306774098262
[u9_BlockChain] 新推文：2054116306774098262
[u9_BlockChain] Telegram 图片推送成功
[Feng_btc] 加载：https://nitter.tiekoetter.com/Feng_btc
[Feng_btc] https://nitter.tiekoetter.com 未找到推文
[Feng_btc] 加载：https://nitter.catsarch.com/Feng_btc
[Feng_btc] https://nitter.catsarch.com 403，跳过
[Feng_btc] 加载：https://xcancel.com/Feng_btc
[Feng_btc] https://xcancel.com 未找到推文
[Feng_btc] 加载：https://nitter.net/Feng_btc
[Feng_btc] https://nitter.net 未找到推文
[Feng_btc] 加载：https://nitter.privacyredirect.com/Feng_btc
[Feng_btc] 跳过置顶
[Feng_btc] 抓取成功：2054129258268901459
[Feng_btc] 无新推文
[luyuban69] 加载：https://nitter.tiekoetter.com/luyuban69
[luyuban69] 跳过置顶
[luyuban69] 抓取成功：2054084925893312739
[luyuban69] 新推文：2054084925893312739
[luyuban69] Telegram 图片推送成功
[YOYO_uu9] 加载：https://nitter.privacyredirect.com/YOYO_uu9
[YOYO_uu9] 跳过置顶
[YOYO_uu9] 抓取成功：2053876935697301713
[YOYO_uu9] 无新推文
[CryptoUKong] 加载：https://nitter.catsarch.com/CryptoUKong
[CryptoUKong] https://nitter.catsarch.com 403，跳过
[CryptoUKong] 加载：https://xcancel.com/CryptoUKong
[CryptoUKong] https://xcancel.com 未找到推文
[CryptoUKong] 加载：https://nitter.privacyredirect.com/CryptoUKong
[CryptoUKong] 抓取成功：2053927174109892711
[CryptoUKong] 无新推文
[yuan20258888] 加载：https://xcancel.com/yuan20258888
[yuan20258888] https://xcancel.com 未找到推文
[yuan20258888] 加载：https://nitter.catsarch.com/yuan20258888
[yuan20258888] https://nitter.catsarch.com 403，跳过
[yuan20258888] 加载：https://nitter.net/yuan20258888
[yuan20258888] https://nitter.net 未找到推文
[yuan20258888] 加载：https://nitter.tiekoetter.com/yuan20258888
[yuan20258888] https://nitter.tiekoetter.com 未找到推文
[yuan20258888] 加载：https://nitter.privacyredirect.com/yuan20258888
[yuan20258888] 抓取成功：2054058796901928978
[yuan20258888] 无新推文
[Reboottttttt] 加载：https://nitter.privacyredirect.com/Reboottttttt
[Reboottttttt] 跳过置顶
[Reboottttttt] 抓取成功：2054108359964643543
[Reboottttttt] 无新推文
[xeogy92298766] 加载：https://nitter.net/xeogy92298766
[xeogy92298766] https://nitter.net 未找到推文
[xeogy92298766] 加载：https://nitter.tiekoetter.com/xeogy92298766
[xeogy92298766] https://nitter.tiekoetter.com 未找到推文
[xeogy92298766] 加载：https://xcancel.com/xeogy92298766
[xeogy92298766] https://xcancel.com 未找到推文
[xeogy92298766] 加载：https://nitter.privacyredirect.com/xeogy92298766
[xeogy92298766] 跳过置顶
[xeogy92298766] 抓取成功：2053735843882529154
[xeogy92298766] 无新推文
[系统] last_id.json 已更新
--- 耗时 99.0s，休眠 501.0s ---

--- 新轮询 [2026-05-12 18:31:45] ---
[u9_BlockChain] 加载：https://nitter.catsarch.com/u9_BlockChain
[u9_BlockChain] https://nitter.catsarch.com 403，跳过
[u9_BlockChain] 加载：https://nitter.net/u9_BlockChain
[u9_BlockChain] https://nitter.net 未找到推文
[u9_BlockChain] 加载：https://xcancel.com/u9_BlockChain
[u9_BlockChain] https://xcancel.com 未找到推文
[u9_BlockChain] 加载：https://nitter.tiekoetter.com/u9_BlockChain
[u9_BlockChain] https://nitter.tiekoetter.com 未找到推文
[u9_BlockChain] 加载：https://nitter.privacyredirect.com/u9_BlockChain
[u9_BlockChain] 跳过置顶
[u9_BlockChain] 抓取成功：2054116306774098262
[u9_BlockChain] 无新推文
[Feng_btc] 加载：https://nitter.privacyredirect.com/Feng_btc
[Feng_btc] 跳过置顶
[Feng_btc] 抓取成功：2054129258268901459
[Feng_btc] 无新推文
[luyuban69] 加载：https://nitter.privacyredirect.com/luyuban69
[luyuban69] 跳过置顶
[luyuban69] 抓取成功：2054120379711697224
[luyuban69] 新推文：2054120379711697224
[luyuban69] Telegram 图片推送成功
[YOYO_uu9] 加载：https://nitter.tiekoetter.com/YOYO_uu9
[YOYO_uu9] 跳过置顶
[YOYO_uu9] 抓取成功：2053876935697301713
[YOYO_uu9] 无新推文
[CryptoUKong] 加载：https://nitter.tiekoetter.com/CryptoUKong
[CryptoUKong] https://nitter.tiekoetter.com 加载失败：Timeout 45000ms exceeded.
[CryptoUKong] 加载：https://nitter.catsarch.com/CryptoUKong
[CryptoUKong] https://nitter.catsarch.com 403，跳过
[CryptoUKong] 加载：https://nitter.net/CryptoUKong
[CryptoUKong] https://nitter.net 未找到推文
[CryptoUKong] 加载：https://nitter.privacyredirect.com/CryptoUKong
[CryptoUKong] 抓取成功：2053927174109892711
[CryptoUKong] 无新推文
[yuan20258888] 加载：https://nitter.privacyredirect.com/yuan20258888
[yuan20258888] 抓取成功：2054058796901928978
[yuan20258888] 无新推文
[Reboottttttt] 加载：https://nitter.tiekoetter.com/Reboottttttt
[Reboottttttt] https://nitter.tiekoetter.com 未找到推文
[Reboottttttt] 加载：https://nitter.net/Reboottttttt
[Reboottttttt] https://nitter.net 未找到推文
[Reboottttttt] 加载：https://nitter.catsarch.com/Reboottttttt
[Reboottttttt] https://nitter.catsarch.com 403，跳过
[Reboottttttt] 加载：https://nitter.privacyredirect.com/Reboottttttt
[Reboottttttt] 跳过置顶
[Reboottttttt] 抓取成功：2054108359964643543
[Reboottttttt] 无新推文
[xeogy92298766] 加载：https://nitter.catsarch.com/xeogy92298766
[xeogy92298766] https://nitter.catsarch.com 403，跳过
[xeogy92298766] 加载：https://nitter.net/xeogy92298766
[xeogy92298766] https://nitter.net 未找到推文
[xeogy92298766] 加载：https://nitter.privacyredirect.com/xeogy92298766
[xeogy92298766] 跳过置顶
[xeogy92298766] 抓取成功：2053735843882529154
[xeogy92298766] 无新推文
[系统] last_id.json 已更新
--- 耗时 136.2s，休眠 463.8s ---

--- 新轮询 [2026-05-12 18:42:04] ---
[u9_BlockChain] 加载：https://nitter.privacyredirect.com/u9_BlockChain
[u9_BlockChain] 跳过置顶
[u9_BlockChain] 抓取成功：2054116306774098262
[u9_BlockChain] 无新推文
[Feng_btc] 加载：https://nitter.net/Feng_btc
[Feng_btc] https://nitter.net 未找到推文
[Feng_btc] 加载：https://nitter.tiekoetter.com/Feng_btc
[Feng_btc] 跳过置顶
[Feng_btc] 抓取成功：2054088428808245546
[Feng_btc] 新推文：2054088428808245546
[Feng_btc] Telegram 图片推送成功
[luyuban69] 加载：https://nitter.privacyredirect.com/luyuban69
[luyuban69] 跳过置顶
[luyuban69] 抓取成功：2054120379711697224
[luyuban69] 无新推文
[YOYO_uu9] 加载：https://nitter.net/YOYO_uu9
[YOYO_uu9] https://nitter.net 未找到推文
[YOYO_uu9] 加载：https://nitter.catsarch.com/YOYO_uu9
[YOYO_uu9] https://nitter.catsarch.com 403，跳过
[YOYO_uu9] 加载：https://xcancel.com/YOYO_uu9
[YOYO_uu9] https://xcancel.com 未找到推文
[YOYO_uu9] 加载：https://nitter.tiekoetter.com/YOYO_uu9
[YOYO_uu9] https://nitter.tiekoetter.com 未找到推文
[YOYO_uu9] 加载：https://nitter.privacyredirect.com/YOYO_uu9
[YOYO_uu9] 跳过置顶
[YOYO_uu9] 抓取成功：2053876935697301713
[YOYO_uu9] 无新推文
[CryptoUKong] 加载：https://nitter.net/CryptoUKong
[CryptoUKong] https://nitter.net 未找到推文
[CryptoUKong] 加载：https://nitter.privacyredirect.com/CryptoUKong
[CryptoUKong] 抓取成功：2053927174109892711
[CryptoUKong] 无新推文
[yuan20258888] 加载：https://nitter.tiekoetter.com/yuan20258888
[yuan20258888] 抓取成功：2054058796901928978
[yuan20258888] 无新推文
[Reboottttttt] 加载：https://nitter.privacyredirect.com/Reboottttttt
[Reboottttttt] 跳过置顶
[Reboottttttt] 抓取成功：2054108359964643543
[Reboottttttt] 无新推文
[xeogy92298766] 加载：https://xcancel.com/xeogy92298766
[xeogy92298766] https://xcancel.com 未找到推文
[xeogy92298766] 加载：https://nitter.tiekoetter.com/xeogy92298766
[xeogy92298766] https://nitter.tiekoetter.com 未找到推文
[xeogy92298766] 加载：https://nitter.net/xeogy92298766
[xeogy92298766] https://nitter.net 未找到推文
[xeogy92298766] 加载：https://nitter.privacyredirect.com/xeogy92298766
[xeogy92298766] 跳过置顶
[xeogy92298766] 抓取成功：2053735843882529154
[xeogy92298766] 无新推文
[系统] last_id.json 已更新
--- 耗时 90.2s，休眠 509.8s ---

--- 新轮询 [2026-05-12 18:52:31] ---
[u9_BlockChain] 加载：https://nitter.catsarch.com/u9_BlockChain
[u9_BlockChain] https://nitter.catsarch.com 403，跳过
[u9_BlockChain] 加载：https://nitter.tiekoetter.com/u9_BlockChain
[u9_BlockChain] 跳过置顶
[u9_BlockChain] 抓取成功：2054116306774098262
[u9_BlockChain] 无新推文
[Feng_btc] 加载：https://nitter.net/Feng_btc
[Feng_btc] https://nitter.net 未找到推文
[Feng_btc] 加载：https://nitter.tiekoetter.com/Feng_btc
[Feng_btc] https://nitter.tiekoetter.com 未找到推文
[Feng_btc] 加载：https://nitter.catsarch.com/Feng_btc
[Feng_btc] https://nitter.catsarch.com 403，跳过
[Feng_btc] 加载：https://xcancel.com/Feng_btc
[Feng_btc] https://xcancel.com 未找到推文
[Feng_btc] 加载：https://nitter.privacyredirect.com/Feng_btc
[Feng_btc] 跳过置顶
[Feng_btc] 抓取成功：2054150111287238969
[Feng_btc] 新推文：2054150111287238969
[Feng_btc] Telegram 异常：HTTPSConnectionPool(host='api.telegram.org', port=443): Read timed out. (read timeout=15)
[luyuban69] 加载：https://nitter.net/luyuban69
[luyuban69] https://nitter.net 未找到推文
[luyuban69] 加载：https://nitter.privacyredirect.com/luyuban69
[luyuban69] 跳过置顶
[luyuban69] 抓取成功：2054120379711697224
[luyuban69] 无新推文
[YOYO_uu9] 加载：https://nitter.catsarch.com/YOYO_uu9
[YOYO_uu9] https://nitter.catsarch.com 403，跳过
[YOYO_uu9] 加载：https://nitter.net/YOYO_uu9
[YOYO_uu9] https://nitter.net 未找到推文
[YOYO_uu9] 加载：https://nitter.tiekoetter.com/YOYO_uu9
[YOYO_uu9] 跳过置顶
[YOYO_uu9] 抓取成功：2053876935697301713
[YOYO_uu9] 无新推文
[CryptoUKong] 加载：https://nitter.catsarch.com/CryptoUKong
[CryptoUKong] https://nitter.catsarch.com 403，跳过
[CryptoUKong] 加载：https://nitter.tiekoetter.com/CryptoUKong
[CryptoUKong] https://nitter.tiekoetter.com 加载失败：Timeout 45000ms exceeded.
[CryptoUKong] 加载：https://nitter.net/CryptoUKong
[CryptoUKong] https://nitter.net 未找到推文
[CryptoUKong] 加载：https://xcancel.com/CryptoUKong
[CryptoUKong] https://xcancel.com 未找到推文
[CryptoUKong] 加载：https://nitter.privacyredirect.com/CryptoUKong
[CryptoUKong] 抓取成功：2053927174109892711
[CryptoUKong] 无新推文
[yuan20258888] 加载：https://nitter.tiekoetter.com/yuan20258888
[yuan20258888] https://nitter.tiekoetter.com 未找到推文
[yuan20258888] 加载：https://xcancel.com/yuan20258888
[yuan20258888] https://xcancel.com 未找到推文
[yuan20258888] 加载：https://nitter.privacyredirect.com/yuan20258888
[yuan20258888] 抓取成功：2054058796901928978
[yuan20258888] 无新推文
[Reboottttttt] 加载：https://nitter.net/Reboottttttt
[Reboottttttt] https://nitter.net 未找到推文
[Reboottttttt] 加载：https://xcancel.com/Reboottttttt
[Reboottttttt] https://xcancel.com 未找到推文
[Reboottttttt] 加载：https://nitter.privacyredirect.com/Reboottttttt
[Reboottttttt] 跳过置顶
[Reboottttttt] 抓取成功：2054108359964643543
[Reboottttttt] 无新推文
[xeogy92298766] 加载：https://xcancel.com/xeogy92298766
[xeogy92298766] https://xcancel.com 未找到推文
[xeogy92298766] 加载：https://nitter.privacyredirect.com/xeogy92298766
[xeogy92298766] 跳过置顶
[xeogy92298766] 抓取成功：2053735843882529154
[xeogy92298766] 无新推文
[系统] last_id.json 已更新
--- 耗时 172.4s，休眠 427.6s ---

--- 新轮询 [2026-05-12 19:02:52] ---
[u9_BlockChain] 加载：https://xcancel.com/u9_BlockChain
[u9_BlockChain] https://xcancel.com 未找到推文
[u9_BlockChain] 加载：https://nitter.catsarch.com/u9_BlockChain
[u9_BlockChain] https://nitter.catsarch.com 403，跳过
[u9_BlockChain] 加载：https://nitter.privacyredirect.com/u9_BlockChain
[u9_BlockChain] 跳过置顶
[u9_BlockChain] 抓取成功：2054116306774098262
[u9_BlockChain] 无新推文
[Feng_btc] 加载：https://nitter.privacyredirect.com/Feng_btc
[Feng_btc] 跳过置顶
[Feng_btc] 抓取成功：2054150111287238969
[Feng_btc] 无新推文
[luyuban69] 加载：https://nitter.net/luyuban69
[luyuban69] https://nitter.net 未找到推文
[luyuban69] 加载：https://nitter.catsarch.com/luyuban69
[luyuban69] https://nitter.catsarch.com 403，跳过
[luyuban69] 加载：https://xcancel.com/luyuban69
[luyuban69] https://xcancel.com 未找到推文
[luyuban69] 加载：https://nitter.privacyredirect.com/luyuban69
[luyuban69] 跳过置顶
[luyuban69] 抓取成功：2054120379711697224
[luyuban69] 无新推文
[YOYO_uu9] 加载：https://nitter.net/YOYO_uu9
[YOYO_uu9] https://nitter.net 未找到推文
[YOYO_uu9] 加载：https://xcancel.com/YOYO_uu9
[YOYO_uu9] https://xcancel.com 未找到推文
[YOYO_uu9] 加载：https://nitter.tiekoetter.com/YOYO_uu9
[YOYO_uu9] https://nitter.tiekoetter.com 未找到推文
[YOYO_uu9] 加载：https://nitter.privacyredirect.com/YOYO_uu9
[YOYO_uu9] 跳过置顶
[YOYO_uu9] 抓取成功：2053876935697301713
[YOYO_uu9] 无新推文
[CryptoUKong] 加载：https://nitter.catsarch.com/CryptoUKong
[CryptoUKong] https://nitter.catsarch.com 403，跳过
[CryptoUKong] 加载：https://xcancel.com/CryptoUKong
[CryptoUKong] https://xcancel.com 未找到推文
[CryptoUKong] 加载：https://nitter.privacyredirect.com/CryptoUKong
[CryptoUKong] https://nitter.privacyredirect.com 未找到推文
[CryptoUKong] 加载：https://nitter.tiekoetter.com/CryptoUKong
[CryptoUKong] 抓取成功：2053927174109892711
[CryptoUKong] 无新推文
[yuan20258888] 加载：https://nitter.tiekoetter.com/yuan20258888
[yuan20258888] https://nitter.tiekoetter.com 未找到推文
[yuan20258888] 加载：https://nitter.net/yuan20258888
[yuan20258888] https://nitter.net 未找到推文
[yuan20258888] 加载：https://xcancel.com/yuan20258888
[yuan20258888] https://xcancel.com 未找到推文
[yuan20258888] 加载：https://nitter.privacyredirect.com/yuan20258888
[yuan20258888] 抓取成功：2054058796901928978
[yuan20258888] 无新推文
[Reboottttttt] 加载：https://nitter.privacyredirect.com/Reboottttttt
[Reboottttttt] 跳过置顶
[Reboottttttt] 抓取成功：2054108359964643543
[Reboottttttt] 无新推文
[xeogy92298766] 加载：https://nitter.catsarch.com/xeogy92298766
[xeogy92298766] https://nitter.catsarch.com 403，跳过
[xeogy92298766] 加载：https://xcancel.com/xeogy92298766
[xeogy92298766] https://xcancel.com 未找到推文
[xeogy92298766] 加载：https://nitter.tiekoetter.com/xeogy92298766
[xeogy92298766] https://nitter.tiekoetter.com 加载失败：Timeout 45000ms exceeded.
[xeogy92298766] 加载：https://nitter.net/xeogy92298766
[xeogy92298766] https://nitter.net 未找到推文
[xeogy92298766] 加载：https://nitter.privacyredirect.com/xeogy92298766
[xeogy92298766] 跳过置顶
[xeogy92298766] 抓取成功：2053735843882529154
[xeogy92298766] 无新推文
--- 耗时 153.9s，休眠 446.1s ---

--- 新轮询 [2026-05-12 19:13:18] ---
[u9_BlockChain] 加载：https://nitter.catsarch.com/u9_BlockChain
[u9_BlockChain] https://nitter.catsarch.com 403，跳过
[u9_BlockChain] 加载：https://nitter.net/u9_BlockChain
[u9_BlockChain] https://nitter.net 未找到推文
[u9_BlockChain] 加载：https://nitter.privacyredirect.com/u9_BlockChain
[u9_BlockChain] 跳过置顶
[u9_BlockChain] 抓取成功：2054116306774098262
[u9_BlockChain] 无新推文
[Feng_btc] 加载：https://nitter.privacyredirect.com/Feng_btc
[Feng_btc] 跳过置顶
[Feng_btc] 抓取成功：2054150111287238969
[Feng_btc] 无新推文
[luyuban69] 加载：https://xcancel.com/luyuban69
[luyuban69] https://xcancel.com 未找到推文
[luyuban69] 加载：https://nitter.catsarch.com/luyuban69
[luyuban69] https://nitter.catsarch.com 403，跳过
[luyuban69] 加载：https://nitter.tiekoetter.com/luyuban69
[luyuban69] https://nitter.tiekoetter.com 未找到推文
[luyuban69] 加载：https://nitter.privacyredirect.com/luyuban69
[luyuban69] 跳过置顶
[luyuban69] 抓取成功：2054120379711697224
[luyuban69] 无新推文
[YOYO_uu9] 加载：https://nitter.catsarch.com/YOYO_uu9
[YOYO_uu9] https://nitter.catsarch.com 403，跳过
[YOYO_uu9] 加载：https://nitter.net/YOYO_uu9
[YOYO_uu9] https://nitter.net 未找到推文
[YOYO_uu9] 加载：https://nitter.privacyredirect.com/YOYO_uu9
[YOYO_uu9] 跳过置顶
[YOYO_uu9] 抓取成功：2053876935697301713
[YOYO_uu9] 无新推文
[CryptoUKong] 加载：https://nitter.net/CryptoUKong
[CryptoUKong] https://nitter.net 未找到推文
[CryptoUKong] 加载：https://nitter.privacyredirect.com/CryptoUKong
[CryptoUKong] 抓取成功：2053927174109892711
[CryptoUKong] 无新推文
[yuan20258888] 加载：https://nitter.net/yuan20258888
[yuan20258888] https://nitter.net 未找到推文
[yuan20258888] 加载：https://xcancel.com/yuan20258888
[yuan20258888] https://xcancel.com 未找到推文
[yuan20258888] 加载：https://nitter.catsarch.com/yuan20258888
[yuan20258888] https://nitter.catsarch.com 403，跳过
[yuan20258888] 加载：https://nitter.privacyredirect.com/yuan20258888
[yuan20258888] 抓取成功：2054058796901928978
[yuan20258888] 无新推文
[Reboottttttt] 加载：https://nitter.net/Reboottttttt
[Reboottttttt] https://nitter.net 未找到推文
[Reboottttttt] 加载：https://nitter.privacyredirect.com/Reboottttttt
[Reboottttttt] 跳过置顶
[Reboottttttt] 抓取成功：2054108359964643543
[Reboottttttt] 无新推文
[xeogy92298766] 加载：https://nitter.privacyredirect.com/xeogy92298766
[xeogy92298766] 跳过置顶
[xeogy92298766] 抓取成功：2053735843882529154
[xeogy92298766] 无新推文
--- 耗时 96.9s，休眠 503.1s ---

--- 新轮询 [2026-05-12 19:23:45] ---
[u9_BlockChain] 加载：https://xcancel.com/u9_BlockChain
[u9_BlockChain] https://xcancel.com 未找到推文
[u9_BlockChain] 加载：https://nitter.catsarch.com/u9_BlockChain
[u9_BlockChain] https://nitter.catsarch.com 403，跳过
[u9_BlockChain] 加载：https://nitter.tiekoetter.com/u9_BlockChain
[u9_BlockChain] https://nitter.tiekoetter.com 出错：Unable to retrieve content because the page is navigating and changing the content.
[u9_BlockChain] 加载：https://nitter.privacyredirect.com/u9_BlockChain
[u9_BlockChain] 跳过置顶
[u9_BlockChain] 抓取成功：2054116306774098262
[u9_BlockChain] 无新推文
[Feng_btc] 加载：https://nitter.catsarch.com/Feng_btc
[Feng_btc] https://nitter.catsarch.com 403，跳过
[Feng_btc] 加载：https://nitter.tiekoetter.com/Feng_btc
[Feng_btc] 跳过置顶
[Feng_btc] 抓取成功：2054150111287238969
[Feng_btc] 无新推文
[luyuban69] 加载：https://xcancel.com/luyuban69
[luyuban69] https://xcancel.com 未找到推文
[luyuban69] 加载：https://nitter.privacyredirect.com/luyuban69
[luyuban69] 跳过置顶
[luyuban69] 抓取成功：2054120379711697224
[luyuban69] 无新推文
[YOYO_uu9] 加载：https://nitter.tiekoetter.com/YOYO_uu9
[YOYO_uu9] https://nitter.tiekoetter.com 未找到推文
[YOYO_uu9] 加载：https://xcancel.com/YOYO_uu9
[YOYO_uu9] https://xcancel.com 未找到推文
[YOYO_uu9] 加载：https://nitter.net/YOYO_uu9
[YOYO_uu9] https://nitter.net 未找到推文
[YOYO_uu9] 加载：https://nitter.catsarch.com/YOYO_uu9
[YOYO_uu9] https://nitter.catsarch.com 403，跳过
[YOYO_uu9] 加载：https://nitter.privacyredirect.com/YOYO_uu9
[YOYO_uu9] 跳过置顶
[YOYO_uu9] 抓取成功：2053876935697301713
[YOYO_uu9] 无新推文
[CryptoUKong] 加载：https://nitter.privacyredirect.com/CryptoUKong
[CryptoUKong] 抓取成功：2053927174109892711
[CryptoUKong] 无新推文
[yuan20258888] 加载：https://nitter.catsarch.com/yuan20258888
[yuan20258888] https://nitter.catsarch.com 403，跳过
[yuan20258888] 加载：https://nitter.tiekoetter.com/yuan20258888
[yuan20258888] 抓取成功：2054058796901928978
[yuan20258888] 无新推文
[Reboottttttt] 加载：https://xcancel.com/Reboottttttt
[Reboottttttt] https://xcancel.com 未找到推文
[Reboottttttt] 加载：https://nitter.catsarch.com/Reboottttttt
[Reboottttttt] https://nitter.catsarch.com 403，跳过
[Reboottttttt] 加载：https://nitter.net/Reboottttttt
[Reboottttttt] https://nitter.net 未找到推文
[Reboottttttt] 加载：https://nitter.tiekoetter.com/Reboottttttt
[Reboottttttt] https://nitter.tiekoetter.com 未找到推文
[Reboottttttt] 加载：https://nitter.privacyredirect.com/Reboottttttt
[Reboottttttt] 跳过置顶
[Reboottttttt] 抓取成功：2054108359964643543
[Reboottttttt] 无新推文
[xeogy92298766] 加载：https://nitter.catsarch.com/xeogy92298766
[xeogy92298766] https://nitter.catsarch.com 403，跳过
[xeogy92298766] 加载：https://xcancel.com/xeogy92298766
[xeogy92298766] https://xcancel.com 未找到推文
[xeogy92298766] 加载：https://nitter.net/xeogy92298766
[xeogy92298766] https://nitter.net 未找到推文
[xeogy92298766] 加载：https://nitter.tiekoetter.com/xeogy92298766
[xeogy92298766] 跳过置顶
[xeogy92298766] 抓取成功：2053735843882529154
[xeogy92298766] 无新推文
--- 耗时 101.7s，休眠 498.3s ---

--- 新轮询 [2026-05-12 19:34:16] ---
[u9_BlockChain] 加载：https://nitter.catsarch.com/u9_BlockChain
[u9_BlockChain] https://nitter.catsarch.com 403，跳过
[u9_BlockChain] 加载：https://nitter.tiekoetter.com/u9_BlockChain
[u9_BlockChain] 跳过置顶
[u9_BlockChain] 抓取成功：2054116306774098262
[u9_BlockChain] 无新推文
[Feng_btc] 加载：https://nitter.catsarch.com/Feng_btc
[Feng_btc] https://nitter.catsarch.com 403，跳过
[Feng_btc] 加载：https://xcancel.com/Feng_btc
[Feng_btc] https://xcancel.com 未找到推文
[Feng_btc] 加载：https://nitter.net/Feng_btc
[Feng_btc] https://nitter.net 未找到推文
[Feng_btc] 加载：https://nitter.tiekoetter.com/Feng_btc
[Feng_btc] 跳过置顶
[Feng_btc] 抓取成功：2054150111287238969
[Feng_btc] 无新推文
[luyuban69] 加载：https://nitter.net/luyuban69
[luyuban69] https://nitter.net 未找到推文
[luyuban69] 加载：https://nitter.privacyredirect.com/luyuban69
[luyuban69] 跳过置顶
[luyuban69] 抓取成功：2054120379711697224
[luyuban69] 无新推文
[YOYO_uu9] 加载：https://nitter.catsarch.com/YOYO_uu9
[YOYO_uu9] https://nitter.catsarch.com 403，跳过
[YOYO_uu9] 加载：https://nitter.net/YOYO_uu9
[YOYO_uu9] https://nitter.net 未找到推文
[YOYO_uu9] 加载：https://nitter.privacyredirect.com/YOYO_uu9
[YOYO_uu9] 跳过置顶
[YOYO_uu9] 抓取成功：2053876935697301713
[YOYO_uu9] 无新推文
[CryptoUKong] 加载：https://nitter.tiekoetter.com/CryptoUKong
[CryptoUKong] https://nitter.tiekoetter.com 加载失败：Timeout 45000ms exceeded.
[CryptoUKong] 加载：https://xcancel.com/CryptoUKong
[CryptoUKong] https://xcancel.com 未找到推文
[CryptoUKong] 加载：https://nitter.net/CryptoUKong
[CryptoUKong] https://nitter.net 未找到推文
[CryptoUKong] 加载：https://nitter.catsarch.com/CryptoUKong
[CryptoUKong] https://nitter.catsarch.com 403，跳过
[CryptoUKong] 加载：https://nitter.privacyredirect.com/CryptoUKong
[CryptoUKong] 抓取成功：2053927174109892711
[CryptoUKong] 无新推文
[yuan20258888] 加载：https://nitter.net/yuan20258888
[yuan20258888] https://nitter.net 未找到推文
[yuan20258888] 加载：https://nitter.catsarch.com/yuan20258888
[yuan20258888] https://nitter.catsarch.com 403，跳过
[yuan20258888] 加载：https://nitter.tiekoetter.com/yuan20258888
[yuan20258888] 抓取成功：2054058796901928978
[yuan20258888] 无新推文
[Reboottttttt] 加载：https://xcancel.com/Reboottttttt
[Reboottttttt] https://xcancel.com 未找到推文
[Reboottttttt] 加载：https://nitter.tiekoetter.com/Reboottttttt
[Reboottttttt] https://nitter.tiekoetter.com 未找到推文
[Reboottttttt] 加载：https://nitter.net/Reboottttttt
[Reboottttttt] https://nitter.net 未找到推文
[Reboottttttt] 加载：https://nitter.privacyredirect.com/Reboottttttt
[Reboottttttt] 跳过置顶
[Reboottttttt] 抓取成功：2054108359964643543
[Reboottttttt] 无新推文
[xeogy92298766] 加载：https://nitter.tiekoetter.com/xeogy92298766
[xeogy92298766] 跳过置顶
[xeogy92298766] 抓取成功：2053735843882529154
[xeogy92298766] 无新推文
--- 耗时 136.8s，休眠 463.2s ---

--- 新轮询 [2026-05-12 19:44:44] ---
[u9_BlockChain] 加载：https://xcancel.com/u9_BlockChain
[u9_BlockChain] https://xcancel.com 未找到推文
[u9_BlockChain] 加载：https://nitter.tiekoetter.com/u9_BlockChain
[u9_BlockChain] https://nitter.tiekoetter.com 未找到推文
[u9_BlockChain] 加载：https://nitter.privacyredirect.com/u9_BlockChain
[u9_BlockChain] 跳过置顶
[u9_BlockChain] 抓取成功：2054116306774098262
[u9_BlockChain] 无新推文
[Feng_btc] 加载：https://nitter.tiekoetter.com/Feng_btc
[Feng_btc] 跳过置顶
[Feng_btc] 抓取成功：2054150111287238969
[Feng_btc] 无新推文
[luyuban69] 加载：https://nitter.tiekoetter.com/luyuban69
[luyuban69] 跳过置顶
[luyuban69] 抓取成功：2054084925893312739
[luyuban69] 新推文：2054084925893312739
[luyuban69] Telegram 图片推送成功
[YOYO_uu9] 加载：https://nitter.tiekoetter.com/YOYO_uu9
[YOYO_uu9] 跳过置顶
[YOYO_uu9] 抓取成功：2053876935697301713
[YOYO_uu9] 无新推文
[CryptoUKong] 加载：https://nitter.privacyredirect.com/CryptoUKong
[CryptoUKong] 抓取成功：2053927174109892711
[CryptoUKong] 无新推文
[yuan20258888] 加载：https://nitter.catsarch.com/yuan20258888
[yuan20258888] https://nitter.catsarch.com 403，跳过
[yuan20258888] 加载：https://nitter.net/yuan20258888
[yuan20258888] https://nitter.net 未找到推文
[yuan20258888] 加载：https://nitter.tiekoetter.com/yuan20258888
[yuan20258888] 抓取成功：2054058796901928978
[yuan20258888] 无新推文
[Reboottttttt] 加载：https://xcancel.com/Reboottttttt
[Reboottttttt] https://xcancel.com 未找到推文
[Reboottttttt] 加载：https://nitter.tiekoetter.com/Reboottttttt
[Reboottttttt] 跳过置顶
[Reboottttttt] 抓取成功：2054021491898073585
[Reboottttttt] 新推文：2054021491898073585
[Reboottttttt] Telegram 图片推送成功
[xeogy92298766] 加载：https://nitter.net/xeogy92298766
[xeogy92298766] https://nitter.net 未找到推文
[xeogy92298766] 加载：https://xcancel.com/xeogy92298766
[xeogy92298766] https://xcancel.com 未找到推文
[xeogy92298766] 加载：https://nitter.catsarch.com/xeogy92298766
[xeogy92298766] https://nitter.catsarch.com 403，跳过
[xeogy92298766] 加载：https://nitter.tiekoetter.com/xeogy92298766
[xeogy92298766] 跳过置顶
[xeogy92298766] 抓取成功：2053735843882529154
[xeogy92298766] 无新推文
[系统] last_id.json 已更新
--- 耗时 88.7s，休眠 511.3s ---

--- 新轮询 [2026-05-12 19:55:15] ---
[u9_BlockChain] 加载：https://nitter.privacyredirect.com/u9_BlockChain
[u9_BlockChain] 跳过置顶
[u9_BlockChain] 抓取成功：2054116306774098262
[u9_BlockChain] 无新推文
[Feng_btc] 加载：https://nitter.tiekoetter.com/Feng_btc
[Feng_btc] 跳过置顶
[Feng_btc] 抓取成功：2054150111287238969
[Feng_btc] 无新推文
[luyuban69] 加载：https://nitter.tiekoetter.com/luyuban69
[luyuban69] https://nitter.tiekoetter.com 未找到推文
[luyuban69] 加载：https://nitter.catsarch.com/luyuban69
[luyuban69] https://nitter.catsarch.com 403，跳过
[luyuban69] 加载：https://nitter.privacyredirect.com/luyuban69
[luyuban69] 跳过置顶
[luyuban69] 抓取成功：2054120379711697224
[luyuban69] 新推文：2054120379711697224
[luyuban69] Telegram 图片推送成功
[YOYO_uu9] 加载：https://nitter.privacyredirect.com/YOYO_uu9
[YOYO_uu9] 跳过置顶
[YOYO_uu9] 抓取成功：2053876935697301713
[YOYO_uu9] 无新推文
[CryptoUKong] 加载：https://nitter.catsarch.com/CryptoUKong
[CryptoUKong] https://nitter.catsarch.com 403，跳过
[CryptoUKong] 加载：https://xcancel.com/CryptoUKong
[CryptoUKong] https://xcancel.com 未找到推文
[CryptoUKong] 加载：https://nitter.privacyredirect.com/CryptoUKong
[系统] 加载 10 个 Nitter 实例
[2026-05-12 20:07:20.550936] 监控启动，账号：['u9_BlockChain', 'Feng_btc', 'luyuban69', 'YOYO_uu9', 'CryptoUKong', 'yuan20258888', 'Reboottttttt', 'xeogy92298766']，间隔：600s

--- 新轮询 [2026-05-12 20:07:20] ---
[u9_BlockChain] 加载：https://xcancel.com/u9_BlockChain
[u9_BlockChain] https://xcancel.com 未找到推文
[u9_BlockChain] 加载：https://nitter.catsarch.com/u9_BlockChain
[u9_BlockChain] https://nitter.catsarch.com 403，跳过
[u9_BlockChain] 加载：https://nitter.tiekoetter.com/u9_BlockChain
[u9_BlockChain] https://nitter.tiekoetter.com 未找到推文
[u9_BlockChain] 加载：https://nitter.net/u9_BlockChain
[u9_BlockChain] https://nitter.net 未找到推文
[u9_BlockChain] 加载：https://nitter.privacyredirect.com/u9_BlockChain
[u9_BlockChain] 跳过置顶
[u9_BlockChain] 抓取成功：2054116306774098262
[u9_BlockChain] 无新推文
[Feng_btc] 加载：https://nitter.tiekoetter.com/Feng_btc
[Feng_btc] 跳过置顶
[Feng_btc] 抓取成功：2054150111287238969
[Feng_btc] 无新推文
[luyuban69] 加载：https://nitter.tiekoetter.com/luyuban69
[luyuban69] 跳过置顶
[luyuban69] 抓取成功：2054120379711697224
[luyuban69] 无新推文
[YOYO_uu9] 加载：https://xcancel.com/YOYO_uu9
[YOYO_uu9] https://xcancel.com 未找到推文
[YOYO_uu9] 加载：https://nitter.tiekoetter.com/YOYO_uu9
[YOYO_uu9] https://nitter.tiekoetter.com 加载失败：Timeout 45000ms exceeded.
[YOYO_uu9] 加载：https://nitter.catsarch.com/YOYO_uu9
[YOYO_uu9] https://nitter.catsarch.com 403，跳过
[YOYO_uu9] 加载：https://nitter.privacyredirect.com/YOYO_uu9
[YOYO_uu9] 跳过置顶
[YOYO_uu9] 抓取成功：2053876935697301713
[YOYO_uu9] 无新推文
[CryptoUKong] 加载：https://nitter.net/CryptoUKong
[CryptoUKong] https://nitter.net 未找到推文
[CryptoUKong] 加载：https://nitter.catsarch.com/CryptoUKong
[CryptoUKong] https://nitter.catsarch.com 403，跳过
[CryptoUKong] 加载：https://xcancel.com/CryptoUKong
[CryptoUKong] https://xcancel.com 未找到推文
[CryptoUKong] 加载：https://nitter.privacyredirect.com/CryptoUKong
[CryptoUKong] 抓取成功：2053927174109892711
[CryptoUKong] 无新推文
[yuan20258888] 加载：https://nitter.net/yuan20258888
[yuan20258888] https://nitter.net 未找到推文
[yuan20258888] 加载：https://nitter.tiekoetter.com/yuan20258888
[yuan20258888] 抓取成功：2054058796901928978
[yuan20258888] 新推文：2054058796901928978
[yuan20258888] Telegram 图片推送成功
[Reboottttttt] 加载：https://nitter.privacyredirect.com/Reboottttttt
[Reboottttttt] 跳过置顶
[Reboottttttt] 抓取成功：2054166505215135763
[Reboottttttt] 新推文：2054166505215135763
[Reboottttttt] Telegram 图片推送成功
[xeogy92298766] 加载：https://nitter.catsarch.com/xeogy92298766
[xeogy92298766] https://nitter.catsarch.com 403，跳过
[xeogy92298766] 加载：https://xcancel.com/xeogy92298766
[xeogy92298766] https://xcancel.com 未找到推文
[xeogy92298766] 加载：https://nitter.tiekoetter.com/xeogy92298766
[xeogy92298766] 跳过置顶
[xeogy92298766] 抓取成功：2053735843882529154
[xeogy92298766] 无新推文
[系统] last_id.json 已更新
--- 耗时 135.5s，休眠 464.5s ---

--- 新轮询 [2026-05-12 20:17:47] ---
[u9_BlockChain] 加载：https://nitter.privacyredirect.com/u9_BlockChain
[u9_BlockChain] 跳过置顶
[u9_BlockChain] 抓取成功：2054116306774098262
[u9_BlockChain] 无新推文
[Feng_btc] 加载：https://nitter.tiekoetter.com/Feng_btc
[Feng_btc] 跳过置顶
[Feng_btc] 抓取成功：2054150111287238969
[Feng_btc] 无新推文
[luyuban69] 加载：https://xcancel.com/luyuban69
[luyuban69] https://xcancel.com 未找到推文
[luyuban69] 加载：https://nitter.catsarch.com/luyuban69
[luyuban69] https://nitter.catsarch.com 403，跳过
[luyuban69] 加载：https://nitter.tiekoetter.com/luyuban69
[luyuban69] https://nitter.tiekoetter.com 未找到推文
[luyuban69] 加载：https://nitter.net/luyuban69
[luyuban69] https://nitter.net 未找到推文
[luyuban69] 加载：https://nitter.privacyredirect.com/luyuban69
[luyuban69] 跳过置顶
[luyuban69] 抓取成功：2054172886236274799
[luyuban69] 新推文：2054172886236274799
[luyuban69] Telegram 图片推送成功
[YOYO_uu9] 加载：https://xcancel.com/YOYO_uu9
[YOYO_uu9] https://xcancel.com 未找到推文
[YOYO_uu9] 加载：https://nitter.net/YOYO_uu9
[YOYO_uu9] https://nitter.net 未找到推文
[YOYO_uu9] 加载：https://nitter.catsarch.com/YOYO_uu9
[YOYO_uu9] https://nitter.catsarch.com 403，跳过
[YOYO_uu9] 加载：https://nitter.tiekoetter.com/YOYO_uu9
[YOYO_uu9] 跳过置顶
[YOYO_uu9] 抓取成功：2053876935697301713
[YOYO_uu9] 无新推文
[CryptoUKong] 加载：https://nitter.net/CryptoUKong
[CryptoUKong] https://nitter.net 未找到推文
[CryptoUKong] 加载：https://nitter.catsarch.com/CryptoUKong
[CryptoUKong] https://nitter.catsarch.com 403，跳过
[CryptoUKong] 加载：https://xcancel.com/CryptoUKong
[CryptoUKong] https://xcancel.com 未找到推文
[CryptoUKong] 加载：https://nitter.privacyredirect.com/CryptoUKong
[CryptoUKong] 抓取成功：2053927174109892711
[CryptoUKong] 无新推文
[yuan20258888] 加载：https://nitter.net/yuan20258888
[yuan20258888] https://nitter.net 未找到推文
[yuan20258888] 加载：https://nitter.privacyredirect.com/yuan20258888
[yuan20258888] 抓取成功：2054161235604844703
[yuan20258888] 无新推文
[Reboottttttt] 加载：https://nitter.catsarch.com/Reboottttttt
[Reboottttttt] https://nitter.catsarch.com 403，跳过
[Reboottttttt] 加载：https://nitter.net/Reboottttttt
[Reboottttttt] https://nitter.net 未找到推文
[Reboottttttt] 加载：https://nitter.privacyredirect.com/Reboottttttt
[Reboottttttt] 跳过置顶
[Reboottttttt] 抓取成功：2054166505215135763
[Reboottttttt] 无新推文
[xeogy92298766] 加载：https://nitter.privacyredirect.com/xeogy92298766
[xeogy92298766] 跳过置顶
[xeogy92298766] 抓取成功：2053735843882529154
[xeogy92298766] 无新推文
[系统] last_id.json 已更新
--- 耗时 92.6s，休眠 507.4s ---

--- 新轮询 [2026-05-12 20:28:18] ---
[u9_BlockChain] 加载：https://nitter.tiekoetter.com/u9_BlockChain
[u9_BlockChain] https://nitter.tiekoetter.com 未找到推文
[u9_BlockChain] 加载：https://nitter.catsarch.com/u9_BlockChain
[u9_BlockChain] https://nitter.catsarch.com 403，跳过
[u9_BlockChain] 加载：https://nitter.privacyredirect.com/u9_BlockChain
[u9_BlockChain] 跳过置顶
[u9_BlockChain] 抓取成功：2054116306774098262
[u9_BlockChain] 无新推文
[Feng_btc] 加载：https://xcancel.com/Feng_btc
[Feng_btc] https://xcancel.com 未找到推文
[Feng_btc] 加载：https://nitter.privacyredirect.com/Feng_btc
[Feng_btc] 跳过置顶
[Feng_btc] 抓取成功：2054172304264069524
[Feng_btc] 新推文：2054172304264069524
[Feng_btc] Telegram 文字推送成功
[luyuban69] 加载：https://nitter.catsarch.com/luyuban69
[luyuban69] https://nitter.catsarch.com 403，跳过
[luyuban69] 加载：https://nitter.net/luyuban69
[luyuban69] https://nitter.net 未找到推文
[luyuban69] 加载：https://nitter.tiekoetter.com/luyuban69
[luyuban69] 跳过置顶
[luyuban69] 抓取成功：2054120379711697224
[luyuban69] 无新推文
[YOYO_uu9] 加载：https://xcancel.com/YOYO_uu9
[YOYO_uu9] https://xcancel.com 未找到推文
[YOYO_uu9] 加载：https://nitter.net/YOYO_uu9
[YOYO_uu9] https://nitter.net 未找到推文
[YOYO_uu9] 加载：https://nitter.privacyredirect.com/YOYO_uu9
[YOYO_uu9] 跳过置顶
[YOYO_uu9] 抓取成功：2053876935697301713
[YOYO_uu9] 无新推文
[CryptoUKong] 加载：https://nitter.privacyredirect.com/CryptoUKong
[CryptoUKong] 抓取成功：2053927174109892711
[CryptoUKong] 无新推文
[yuan20258888] 加载：https://nitter.net/yuan20258888
[yuan20258888] https://nitter.net 未找到推文
[yuan20258888] 加载：https://nitter.tiekoetter.com/yuan20258888
[yuan20258888] https://nitter.tiekoetter.com 未找到推文
[yuan20258888] 加载：https://nitter.catsarch.com/yuan20258888
[yuan20258888] https://nitter.catsarch.com 403，跳过
[yuan20258888] 加载：https://xcancel.com/yuan20258888
[yuan20258888] https://xcancel.com 未找到推文
[yuan20258888] 加载：https://nitter.privacyredirect.com/yuan20258888
[yuan20258888] 抓取成功：2054161235604844703
[yuan20258888] 无新推文
[Reboottttttt] 加载：https://nitter.tiekoetter.com/Reboottttttt
[Reboottttttt] 跳过置顶
[Reboottttttt] 抓取成功：2054116091803427088
[Reboottttttt] 无新推文
[xeogy92298766] 加载：https://nitter.catsarch.com/xeogy92298766
[xeogy92298766] https://nitter.catsarch.com 403，跳过
[xeogy92298766] 加载：https://xcancel.com/xeogy92298766
[xeogy92298766] https://xcancel.com 未找到推文
[xeogy92298766] 加载：https://nitter.net/xeogy92298766
[xeogy92298766] https://nitter.net 未找到推文
[xeogy92298766] 加载：https://nitter.privacyredirect.com/xeogy92298766
[xeogy92298766] 跳过置顶
[xeogy92298766] 抓取成功：2053735843882529154
[xeogy92298766] 无新推文
[系统] last_id.json 已更新
--- 耗时 96.6s，休眠 503.4s ---

--- 新轮询 [2026-05-12 20:38:42] ---
[u9_BlockChain] 加载：https://xcancel.com/u9_BlockChain
[u9_BlockChain] https://xcancel.com 未找到推文
[u9_BlockChain] 加载：https://nitter.privacyredirect.com/u9_BlockChain
[u9_BlockChain] 跳过置顶
[u9_BlockChain] 抓取成功：2054116306774098262
[u9_BlockChain] 无新推文
[Feng_btc] 加载：https://nitter.catsarch.com/Feng_btc
[Feng_btc] https://nitter.catsarch.com 403，跳过
[Feng_btc] 加载：https://nitter.net/Feng_btc
[Feng_btc] https://nitter.net 未找到推文
[Feng_btc] 加载：https://xcancel.com/Feng_btc
[Feng_btc] https://xcancel.com 未找到推文
[Feng_btc] 加载：https://nitter.tiekoetter.com/Feng_btc
[Feng_btc] 跳过置顶
[Feng_btc] 抓取成功：2054150111287238969
[Feng_btc] 无新推文
[luyuban69] 加载：https://nitter.catsarch.com/luyuban69
[luyuban69] https://nitter.catsarch.com 403，跳过
[luyuban69] 加载：https://nitter.net/luyuban69
[luyuban69] https://nitter.net 未找到推文
[luyuban69] 加载：https://nitter.privacyredirect.com/luyuban69
[luyuban69] 跳过置顶
[luyuban69] 抓取成功：2054172886236274799
[luyuban69] 无新推文
[YOYO_uu9] 加载：https://nitter.net/YOYO_uu9
[YOYO_uu9] https://nitter.net 未找到推文
[YOYO_uu9] 加载：https://xcancel.com/YOYO_uu9
[YOYO_uu9] https://xcancel.com 未找到推文
[YOYO_uu9] 加载：https://nitter.tiekoetter.com/YOYO_uu9
[YOYO_uu9] 跳过置顶
[YOYO_uu9] 抓取成功：2053876935697301713
[YOYO_uu9] 无新推文
[CryptoUKong] 加载：https://nitter.privacyredirect.com/CryptoUKong
[CryptoUKong] 抓取成功：2053927174109892711
[CryptoUKong] 无新推文
[yuan20258888] 加载：https://nitter.tiekoetter.com/yuan20258888
[yuan20258888] https://nitter.tiekoetter.com 未找到推文
[yuan20258888] 加载：https://nitter.privacyredirect.com/yuan20258888
[yuan20258888] 抓取成功：2054161235604844703
[yuan20258888] 无新推文
[Reboottttttt] 加载：https://nitter.net/Reboottttttt
[Reboottttttt] https://nitter.net 未找到推文
[Reboottttttt] 加载：https://nitter.tiekoetter.com/Reboottttttt
[Reboottttttt] 跳过置顶
[Reboottttttt] 抓取成功：2054116091803427088
[Reboottttttt] 无新推文
[xeogy92298766] 加载：https://nitter.privacyredirect.com/xeogy92298766
[xeogy92298766] 跳过置顶
[xeogy92298766] 抓取成功：2053735843882529154
[xeogy92298766] 无新推文
--- 耗时 90.2s，休眠 509.8s ---

--- 新轮询 [2026-05-12 20:49:03] ---
[u9_BlockChain] 加载：https://xcancel.com/u9_BlockChain
[u9_BlockChain] https://xcancel.com 未找到推文
[u9_BlockChain] 加载：https://nitter.privacyredirect.com/u9_BlockChain
[u9_BlockChain] 跳过置顶
[u9_BlockChain] 抓取成功：2054116306774098262
[u9_BlockChain] 无新推文
[Feng_btc] 加载：https://nitter.tiekoetter.com/Feng_btc
[Feng_btc] 跳过置顶
[Feng_btc] 抓取成功：2054150111287238969
[Feng_btc] 无新推文
[luyuban69] 加载：https://xcancel.com/luyuban69
[luyuban69] https://xcancel.com 未找到推文
[luyuban69] 加载：https://nitter.net/luyuban69
[luyuban69] https://nitter.net 未找到推文
[luyuban69] 加载：https://nitter.catsarch.com/luyuban69
[luyuban69] https://nitter.catsarch.com 403，跳过
[luyuban69] 加载：https://nitter.tiekoetter.com/luyuban69
[luyuban69] https://nitter.tiekoetter.com 未找到推文
[luyuban69] 加载：https://nitter.privacyredirect.com/luyuban69
[luyuban69] 跳过置顶
[luyuban69] 抓取成功：2054172886236274799
[luyuban69] 无新推文
[YOYO_uu9] 加载：https://nitter.privacyredirect.com/YOYO_uu9
[YOYO_uu9] 跳过置顶
[YOYO_uu9] 抓取成功：2053876935697301713
[YOYO_uu9] 无新推文
[CryptoUKong] 加载：https://nitter.tiekoetter.com/CryptoUKong
[CryptoUKong] https://nitter.tiekoetter.com 加载失败：Timeout 45000ms exceeded.
[CryptoUKong] 加载：https://nitter.catsarch.com/CryptoUKong
[CryptoUKong] https://nitter.catsarch.com 403，跳过
[CryptoUKong] 加载：https://nitter.privacyredirect.com/CryptoUKong
[CryptoUKong] 抓取成功：2053927174109892711
[CryptoUKong] 无新推文
[yuan20258888] 加载：https://nitter.net/yuan20258888
[yuan20258888] https://nitter.net 未找到推文
[yuan20258888] 加载：https://nitter.catsarch.com/yuan20258888
[yuan20258888] https://nitter.catsarch.com 403，跳过
[yuan20258888] 加载：https://nitter.privacyredirect.com/yuan20258888
[yuan20258888] 抓取成功：2054161235604844703
[yuan20258888] 无新推文
[Reboottttttt] 加载：https://nitter.catsarch.com/Reboottttttt
[Reboottttttt] https://nitter.catsarch.com 403，跳过
[Reboottttttt] 加载：https://nitter.privacyredirect.com/Reboottttttt
[Reboottttttt] 跳过置顶
[Reboottttttt] 抓取成功：2054166505215135763
[Reboottttttt] 无新推文
[xeogy92298766] 加载：https://nitter.net/xeogy92298766
[xeogy92298766] https://nitter.net 未找到推文
[xeogy92298766] 加载：https://nitter.privacyredirect.com/xeogy92298766
[xeogy92298766] 跳过置顶
[xeogy92298766] 抓取成功：2053735843882529154
[xeogy92298766] 无新推文
--- 耗时 143.1s，休眠 456.9s ---

--- 新轮询 [2026-05-12 20:59:29] ---
[u9_BlockChain] 加载：https://xcancel.com/u9_BlockChain
[u9_BlockChain] https://xcancel.com 未找到推文
[u9_BlockChain] 加载：https://nitter.net/u9_BlockChain
[u9_BlockChain] https://nitter.net 未找到推文
[u9_BlockChain] 加载：https://nitter.privacyredirect.com/u9_BlockChain
[u9_BlockChain] 跳过置顶
[u9_BlockChain] 抓取成功：2054116306774098262
[u9_BlockChain] 无新推文
[Feng_btc] 加载：https://nitter.net/Feng_btc
[Feng_btc] https://nitter.net 未找到推文
[Feng_btc] 加载：https://nitter.catsarch.com/Feng_btc
[Feng_btc] https://nitter.catsarch.com 403，跳过
[Feng_btc] 加载：https://nitter.privacyredirect.com/Feng_btc
[Feng_btc] 跳过置顶
[Feng_btc] 抓取成功：2054172304264069524
[Feng_btc] 无新推文
[luyuban69] 加载：https://nitter.catsarch.com/luyuban69
[luyuban69] https://nitter.catsarch.com 403，跳过
[luyuban69] 加载：https://nitter.privacyredirect.com/luyuban69
[luyuban69] 跳过置顶
[luyuban69] 抓取成功：2054172886236274799
[luyuban69] 无新推文
[YOYO_uu9] 加载：https://nitter.tiekoetter.com/YOYO_uu9
[YOYO_uu9] 跳过置顶
[YOYO_uu9] 抓取成功：2053876935697301713
[YOYO_uu9] 无新推文
[CryptoUKong] 加载：https://nitter.catsarch.com/CryptoUKong
[CryptoUKong] https://nitter.catsarch.com 403，跳过
[CryptoUKong] 加载：https://xcancel.com/CryptoUKong
[CryptoUKong] https://xcancel.com 未找到推文
[CryptoUKong] 加载：https://nitter.privacyredirect.com/CryptoUKong
[CryptoUKong] 抓取成功：2053927174109892711
[CryptoUKong] 无新推文
[yuan20258888] 加载：https://nitter.tiekoetter.com/yuan20258888
[yuan20258888] 抓取成功：2054161235604844703
[yuan20258888] 无新推文
[Reboottttttt] 加载：https://nitter.catsarch.com/Reboottttttt
[Reboottttttt] https://nitter.catsarch.com 403，跳过
[Reboottttttt] 加载：https://nitter.tiekoetter.com/Reboottttttt
[Reboottttttt] 跳过置顶
[Reboottttttt] 抓取成功：2054116091803427088
[Reboottttttt] 无新推文
[xeogy92298766] 加载：https://nitter.privacyredirect.com/xeogy92298766
[xeogy92298766] 跳过置顶
[xeogy92298766] 抓取成功：2053735843882529154
[xeogy92298766] 无新推文
--- 耗时 85.3s，休眠 514.7s ---

--- 新轮询 [2026-05-12 21:09:56] ---
[u9_BlockChain] 加载：https://nitter.catsarch.com/u9_BlockChain
[u9_BlockChain] https://nitter.catsarch.com 403，跳过
[u9_BlockChain] 加载：https://nitter.net/u9_BlockChain
[u9_BlockChain] https://nitter.net 未找到推文
[u9_BlockChain] 加载：https://nitter.privacyredirect.com/u9_BlockChain
[u9_BlockChain] 跳过置顶
[u9_BlockChain] 抓取成功：2054116306774098262
[u9_BlockChain] 无新推文
[Feng_btc] 加载：https://nitter.net/Feng_btc
[Feng_btc] https://nitter.net 未找到推文
[Feng_btc] 加载：https://nitter.catsarch.com/Feng_btc
[Feng_btc] https://nitter.catsarch.com 403，跳过
[Feng_btc] 加载：https://xcancel.com/Feng_btc
[Feng_btc] https://xcancel.com 未找到推文
[Feng_btc] 加载：https://nitter.tiekoetter.com/Feng_btc
[Feng_btc] https://nitter.tiekoetter.com 未找到推文
[Feng_btc] 加载：https://nitter.privacyredirect.com/Feng_btc
[Feng_btc] 跳过置顶
[Feng_btc] 抓取成功：2054172304264069524
[Feng_btc] 无新推文
[luyuban69] 加载：https://xcancel.com/luyuban69
[luyuban69] https://xcancel.com 未找到推文
[luyuban69] 加载：https://nitter.catsarch.com/luyuban69
[luyuban69] https://nitter.catsarch.com 403，跳过
[luyuban69] 加载：https://nitter.privacyredirect.com/luyuban69
[luyuban69] 跳过置顶
[luyuban69] 抓取成功：2054172886236274799
[luyuban69] 无新推文
[YOYO_uu9] 加载：https://xcancel.com/YOYO_uu9
[YOYO_uu9] https://xcancel.com 未找到推文
[YOYO_uu9] 加载：https://nitter.privacyredirect.com/YOYO_uu9
[YOYO_uu9] 跳过置顶
[YOYO_uu9] 抓取成功：2053876935697301713
[YOYO_uu9] 无新推文
[CryptoUKong] 加载：https://nitter.catsarch.com/CryptoUKong
[CryptoUKong] https://nitter.catsarch.com 403，跳过
[CryptoUKong] 加载：https://nitter.net/CryptoUKong
[CryptoUKong] https://nitter.net 未找到推文
[CryptoUKong] 加载：https://nitter.tiekoetter.com/CryptoUKong
[CryptoUKong] https://nitter.tiekoetter.com 未找到推文
[CryptoUKong] 加载：https://xcancel.com/CryptoUKong
[CryptoUKong] https://xcancel.com 未找到推文
[CryptoUKong] 加载：https://nitter.privacyredirect.com/CryptoUKong
[CryptoUKong] 抓取成功：2053927174109892711
[CryptoUKong] 无新推文
[yuan20258888] 加载：https://nitter.net/yuan20258888
[yuan20258888] https://nitter.net 未找到推文
[yuan20258888] 加载：https://nitter.privacyredirect.com/yuan20258888
[yuan20258888] 抓取成功：2054161235604844703
[yuan20258888] 无新推文
[Reboottttttt] 加载：https://nitter.privacyredirect.com/Reboottttttt
[Reboottttttt] 跳过置顶
[Reboottttttt] 抓取成功：2054166505215135763
[Reboottttttt] 无新推文
[xeogy92298766] 加载：https://nitter.tiekoetter.com/xeogy92298766
[xeogy92298766] 跳过置顶
[xeogy92298766] 抓取成功：2053735843882529154
[xeogy92298766] 无新推文
--- 耗时 98.6s，休眠 501.4s ---

--- 新轮询 [2026-05-12 21:20:25] ---
[u9_BlockChain] 加载：https://xcancel.com/u9_BlockChain
[u9_BlockChain] https://xcancel.com 未找到推文
[u9_BlockChain] 加载：https://nitter.tiekoetter.com/u9_BlockChain
[u9_BlockChain] 跳过置顶
[u9_BlockChain] 抓取成功：2054116306774098262
[u9_BlockChain] 无新推文
[Feng_btc] 加载：https://nitter.privacyredirect.com/Feng_btc
[Feng_btc] 跳过置顶
[Feng_btc] 抓取成功：2054172304264069524
[Feng_btc] 无新推文
[luyuban69] 加载：https://nitter.net/luyuban69
[luyuban69] https://nitter.net 未找到推文
[luyuban69] 加载：https://xcancel.com/luyuban69
[luyuban69] https://xcancel.com 未找到推文
[luyuban69] 加载：https://nitter.catsarch.com/luyuban69
[luyuban69] https://nitter.catsarch.com 403，跳过
[luyuban69] 加载：https://nitter.privacyredirect.com/luyuban69
[luyuban69] 跳过置顶
[luyuban69] 抓取成功：2054172886236274799
[luyuban69] 无新推文
[YOYO_uu9] 加载：https://nitter.catsarch.com/YOYO_uu9
[YOYO_uu9] https://nitter.catsarch.com 403，跳过
[YOYO_uu9] 加载：https://nitter.privacyredirect.com/YOYO_uu9
[YOYO_uu9] 跳过置顶
[YOYO_uu9] 抓取成功：2053876935697301713
[YOYO_uu9] 无新推文
[CryptoUKong] 加载：https://nitter.tiekoetter.com/CryptoUKong
[CryptoUKong] https://nitter.tiekoetter.com 未找到推文
[CryptoUKong] 加载：https://xcancel.com/CryptoUKong
[CryptoUKong] https://xcancel.com 未找到推文
[CryptoUKong] 加载：https://nitter.net/CryptoUKong
[CryptoUKong] https://nitter.net 未找到推文
[CryptoUKong] 加载：https://nitter.privacyredirect.com/CryptoUKong
[CryptoUKong] 抓取成功：2053927174109892711
[CryptoUKong] 无新推文
[yuan20258888] 加载：https://nitter.catsarch.com/yuan20258888
[yuan20258888] https://nitter.catsarch.com 403，跳过
[yuan20258888] 加载：https://xcancel.com/yuan20258888
[yuan20258888] https://xcancel.com 未找到推文
[yuan20258888] 加载：https://nitter.privacyredirect.com/yuan20258888
[yuan20258888] 抓取成功：2054188171852910653
[yuan20258888] 新推文：2054188171852910653
[yuan20258888] Telegram 文字推送成功
[Reboottttttt] 加载：https://xcancel.com/Reboottttttt
[Reboottttttt] https://xcancel.com 未找到推文
[Reboottttttt] 加载：https://nitter.tiekoetter.com/Reboottttttt
[Reboottttttt] https://nitter.tiekoetter.com 未找到推文
[Reboottttttt] 加载：https://nitter.net/Reboottttttt
[Reboottttttt] https://nitter.net 未找到推文
[Reboottttttt] 加载：https://nitter.privacyredirect.com/Reboottttttt
[Reboottttttt] 跳过置顶
[Reboottttttt] 抓取成功：2054166505215135763
[Reboottttttt] 无新推文
[xeogy92298766] 加载：https://nitter.privacyredirect.com/xeogy92298766
[xeogy92298766] 跳过置顶
[xeogy92298766] 抓取成功：2053735843882529154
[xeogy92298766] 无新推文
[系统] last_id.json 已更新
--- 耗时 97.0s，休眠 503.0s ---

--- 新轮询 [2026-05-12 21:30:56] ---
[u9_BlockChain] 加载：https://nitter.privacyredirect.com/u9_BlockChain
[u9_BlockChain] 跳过置顶
[u9_BlockChain] 抓取成功：2054116306774098262
[u9_BlockChain] 无新推文
[Feng_btc] 加载：https://nitter.net/Feng_btc
[Feng_btc] https://nitter.net 未找到推文
[Feng_btc] 加载：https://nitter.tiekoetter.com/Feng_btc
[Feng_btc] 跳过置顶
[Feng_btc] 抓取成功：2054150111287238969
[Feng_btc] 无新推文
[luyuban69] 加载：https://nitter.net/luyuban69
[luyuban69] https://nitter.net 未找到推文
[luyuban69] 加载：https://nitter.privacyredirect.com/luyuban69
[luyuban69] 跳过置顶
[luyuban69] 抓取成功：2054172886236274799
[luyuban69] 无新推文
[YOYO_uu9] 加载：https://nitter.privacyredirect.com/YOYO_uu9
[YOYO_uu9] 跳过置顶
[YOYO_uu9] 抓取成功：2053876935697301713
[YOYO_uu9] 无新推文
[CryptoUKong] 加载：https://nitter.net/CryptoUKong
[CryptoUKong] https://nitter.net 未找到推文
[CryptoUKong] 加载：https://xcancel.com/CryptoUKong
[CryptoUKong] https://xcancel.com 未找到推文
[CryptoUKong] 加载：https://nitter.tiekoetter.com/CryptoUKong
[CryptoUKong] https://nitter.tiekoetter.com 加载失败：Timeout 45000ms exceeded.
[CryptoUKong] 加载：https://nitter.privacyredirect.com/CryptoUKong
[CryptoUKong] 抓取成功：2053927174109892711
[CryptoUKong] 无新推文
[yuan20258888] 加载：https://nitter.catsarch.com/yuan20258888
[yuan20258888] https://nitter.catsarch.com 403，跳过
[yuan20258888] 加载：https://nitter.net/yuan20258888
[yuan20258888] https://nitter.net 未找到推文
[yuan20258888] 加载：https://nitter.privacyredirect.com/yuan20258888
[yuan20258888] 抓取成功：2054188171852910653
[yuan20258888] 无新推文
[Reboottttttt] 加载：https://xcancel.com/Reboottttttt
[Reboottttttt] https://xcancel.com 未找到推文
[Reboottttttt] 加载：https://nitter.tiekoetter.com/Reboottttttt
[Reboottttttt] https://nitter.tiekoetter.com 未找到推文
[Reboottttttt] 加载：https://nitter.privacyredirect.com/Reboottttttt
[Reboottttttt] 跳过置顶
[Reboottttttt] 抓取成功：2054166505215135763
[Reboottttttt] 无新推文
[xeogy92298766] 加载：https://xcancel.com/xeogy92298766
[xeogy92298766] https://xcancel.com 未找到推文
[xeogy92298766] 加载：https://nitter.tiekoetter.com/xeogy92298766
[xeogy92298766] https://nitter.tiekoetter.com 未找到推文
[xeogy92298766] 加载：https://nitter.catsarch.com/xeogy92298766
[xeogy92298766] https://nitter.catsarch.com 403，跳过
[xeogy92298766] 加载：https://nitter.privacyredirect.com/xeogy92298766
[xeogy92298766] https://nitter.privacyredirect.com 未找到推文
[xeogy92298766] 加载：https://nitter.net/xeogy92298766
[xeogy92298766] https://nitter.net 未找到推文
[xeogy92298766] 加载：https://nuku.trabun.org/xeogy92298766
[xeogy92298766] https://nuku.trabun.org 403，跳过
[xeogy92298766] 加载：https://lightbrd.com/xeogy92298766
[xeogy92298766] https://lightbrd.com 403，跳过
[xeogy92298766] 加载：https://nitter.space/xeogy92298766
[xeogy92298766] https://nitter.space 403，跳过
[xeogy92298766] 加载：https://nitter.kareem.one/xeogy92298766
[xeogy92298766] https://nitter.kareem.one 403，跳过
[xeogy92298766] 加载：https://nitter.poast.org/xeogy92298766
[xeogy92298766] 浏览器验证中 (1/5)...
[xeogy92298766] 跳过置顶
[xeogy92298766] 抓取成功：2053735843882529154
[xeogy92298766] 无新推文
--- 耗时 156.4s，休眠 443.6s ---

--- 新轮询 [2026-05-12 21:41:23] ---
[u9_BlockChain] 加载：https://nitter.privacyredirect.com/u9_BlockChain
[u9_BlockChain] 跳过置顶
[u9_BlockChain] 抓取成功：2054116306774098262
[u9_BlockChain] 无新推文
[Feng_btc] 加载：https://nitter.tiekoetter.com/Feng_btc
[Feng_btc] https://nitter.tiekoetter.com 未找到推文
[Feng_btc] 加载：https://xcancel.com/Feng_btc
[Feng_btc] https://xcancel.com 未找到推文
[Feng_btc] 加载：https://nitter.net/Feng_btc
[Feng_btc] https://nitter.net 未找到推文
[Feng_btc] 加载：https://nitter.privacyredirect.com/Feng_btc
[Feng_btc] 跳过置顶
[Feng_btc] 抓取成功：2054172304264069524
[Feng_btc] 无新推文
[luyuban69] 加载：https://xcancel.com/luyuban69
[luyuban69] https://xcancel.com 未找到推文
[luyuban69] 加载：https://nitter.tiekoetter.com/luyuban69
[luyuban69] https://nitter.tiekoetter.com 未找到推文
[luyuban69] 加载：https://nitter.privacyredirect.com/luyuban69
[luyuban69] 跳过置顶
[luyuban69] 抓取成功：2054172886236274799
[luyuban69] 无新推文
[YOYO_uu9] 加载：https://nitter.catsarch.com/YOYO_uu9
[YOYO_uu9] https://nitter.catsarch.com 403，跳过
[YOYO_uu9] 加载：https://nitter.privacyredirect.com/YOYO_uu9
[YOYO_uu9] 跳过置顶
[YOYO_uu9] 抓取成功：2053876935697301713
[YOYO_uu9] 无新推文
[CryptoUKong] 加载：https://nitter.privacyredirect.com/CryptoUKong
[CryptoUKong] 抓取成功：2053927174109892711
[CryptoUKong] 无新推文
[yuan20258888] 加载：https://nitter.net/yuan20258888
[yuan20258888] https://nitter.net 未找到推文
[yuan20258888] 加载：https://nitter.privacyredirect.com/yuan20258888
[yuan20258888] 抓取成功：2054188171852910653
[yuan20258888] 无新推文
[Reboottttttt] 加载：https://xcancel.com/Reboottttttt
[Reboottttttt] https://xcancel.com 未找到推文
[Reboottttttt] 加载：https://nitter.catsarch.com/Reboottttttt
[Reboottttttt] https://nitter.catsarch.com 403，跳过
[Reboottttttt] 加载：https://nitter.net/Reboottttttt
[Reboottttttt] https://nitter.net 未找到推文
[Reboottttttt] 加载：https://nitter.privacyredirect.com/Reboottttttt
[Reboottttttt] 跳过置顶
[Reboottttttt] 抓取成功：2054166505215135763
[Reboottttttt] 无新推文
[xeogy92298766] 加载：https://nitter.net/xeogy92298766
[xeogy92298766] https://nitter.net 未找到推文
[xeogy92298766] 加载：https://nitter.tiekoetter.com/xeogy92298766
[xeogy92298766] https://nitter.tiekoetter.com 未找到推文
[xeogy92298766] 加载：https://nitter.privacyredirect.com/xeogy92298766
[xeogy92298766] 跳过置顶
[xeogy92298766] 抓取成功：2053735843882529154
[xeogy92298766] 无新推文
--- 耗时 93.3s，休眠 506.7s ---

--- 新轮询 [2026-05-12 21:51:55] ---
[u9_BlockChain] 加载：https://nitter.tiekoetter.com/u9_BlockChain
[u9_BlockChain] https://nitter.tiekoetter.com 未找到推文
[u9_BlockChain] 加载：https://nitter.privacyredirect.com/u9_BlockChain
[u9_BlockChain] 跳过置顶
[u9_BlockChain] 抓取成功：2054116306774098262
[u9_BlockChain] 无新推文
[Feng_btc] 加载：https://nitter.catsarch.com/Feng_btc
[Feng_btc] https://nitter.catsarch.com 403，跳过
[Feng_btc] 加载：https://nitter.privacyredirect.com/Feng_btc
[Feng_btc] 跳过置顶
[Feng_btc] 抓取成功：2054172304264069524
[Feng_btc] 无新推文
[luyuban69] 加载：https://nitter.catsarch.com/luyuban69
[luyuban69] https://nitter.catsarch.com 403，跳过
[luyuban69] 加载：https://xcancel.com/luyuban69
[luyuban69] https://xcancel.com 未找到推文
[luyuban69] 加载：https://nitter.net/luyuban69
[luyuban69] https://nitter.net 未找到推文
[luyuban69] 加载：https://nitter.tiekoetter.com/luyuban69
[luyuban69] 跳过置顶
[luyuban69] 抓取成功：2054120379711697224
[luyuban69] 无新推文
[YOYO_uu9] 加载：https://nitter.net/YOYO_uu9
[YOYO_uu9] https://nitter.net 未找到推文
[YOYO_uu9] 加载：https://nitter.catsarch.com/YOYO_uu9
[YOYO_uu9] https://nitter.catsarch.com 403，跳过
[YOYO_uu9] 加载：https://nitter.privacyredirect.com/YOYO_uu9
[YOYO_uu9] 跳过置顶
[YOYO_uu9] 抓取成功：2053876935697301713
[YOYO_uu9] 无新推文
[CryptoUKong] 加载：https://nitter.tiekoetter.com/CryptoUKong
[CryptoUKong] https://nitter.tiekoetter.com 未找到推文
[CryptoUKong] 加载：https://xcancel.com/CryptoUKong
[CryptoUKong] https://xcancel.com 未找到推文
[CryptoUKong] 加载：https://nitter.net/CryptoUKong
[CryptoUKong] https://nitter.net 未找到推文
[CryptoUKong] 加载：https://nitter.catsarch.com/CryptoUKong
[CryptoUKong] https://nitter.catsarch.com 403，跳过
[CryptoUKong] 加载：https://nitter.privacyredirect.com/CryptoUKong
[CryptoUKong] 抓取成功：2053927174109892711
[CryptoUKong] 无新推文
[yuan20258888] 加载：https://nitter.privacyredirect.com/yuan20258888
[yuan20258888] 抓取成功：2054188171852910653
[yuan20258888] 无新推文
[Reboottttttt] 加载：https://nitter.catsarch.com/Reboottttttt
[Reboottttttt] https://nitter.catsarch.com 403，跳过
[Reboottttttt] 加载：https://nitter.net/Reboottttttt
[Reboottttttt] https://nitter.net 未找到推文
[Reboottttttt] 加载：https://nitter.tiekoetter.com/Reboottttttt
[Reboottttttt] 跳过置顶
[Reboottttttt] 抓取成功：2054116091803427088
[Reboottttttt] 无新推文
[xeogy92298766] 加载：https://nitter.privacyredirect.com/xeogy92298766
[xeogy92298766] 跳过置顶
[xeogy92298766] 抓取成功：2053735843882529154
[xeogy92298766] 无新推文
--- 耗时 100.8s，休眠 499.2s ---

--- 新轮询 [2026-05-12 22:02:24] ---
[u9_BlockChain] 加载：https://nitter.tiekoetter.com/u9_BlockChain
[u9_BlockChain] https://nitter.tiekoetter.com 未找到推文
[u9_BlockChain] 加载：https://xcancel.com/u9_BlockChain
[u9_BlockChain] https://xcancel.com 未找到推文
[u9_BlockChain] 加载：https://nitter.net/u9_BlockChain
[u9_BlockChain] https://nitter.net 未找到推文
[u9_BlockChain] 加载：https://nitter.privacyredirect.com/u9_BlockChain
[u9_BlockChain] 跳过置顶
[u9_BlockChain] 抓取成功：2054116306774098262
[u9_BlockChain] 无新推文
[Feng_btc] 加载：https://nitter.catsarch.com/Feng_btc
[Feng_btc] https://nitter.catsarch.com 403，跳过
[Feng_btc] 加载：https://nitter.tiekoetter.com/Feng_btc
[Feng_btc] https://nitter.tiekoetter.com 未找到推文
[Feng_btc] 加载：https://nitter.privacyredirect.com/Feng_btc
[Feng_btc] 跳过置顶
[Feng_btc] 抓取成功：2054172304264069524
[Feng_btc] 无新推文
[luyuban69] 加载：https://nitter.net/luyuban69
[luyuban69] https://nitter.net 未找到推文
[luyuban69] 加载：https://xcancel.com/luyuban69
[luyuban69] https://xcancel.com 未找到推文
[luyuban69] 加载：https://nitter.catsarch.com/luyuban69
[luyuban69] https://nitter.catsarch.com 403，跳过
[luyuban69] 加载：https://nitter.tiekoetter.com/luyuban69
[luyuban69] 跳过置顶
[luyuban69] 抓取成功：2054120379711697224
[luyuban69] 无新推文
[YOYO_uu9] 加载：https://nitter.tiekoetter.com/YOYO_uu9
[YOYO_uu9] 跳过置顶
[YOYO_uu9] 抓取成功：2053876935697301713
[YOYO_uu9] 无新推文
[CryptoUKong] 加载：https://nitter.privacyredirect.com/CryptoUKong
[CryptoUKong] 抓取成功：2053927174109892711
[CryptoUKong] 无新推文
[yuan20258888] 加载：https://xcancel.com/yuan20258888
[yuan20258888] https://xcancel.com 未找到推文
[yuan20258888] 加载：https://nitter.privacyredirect.com/yuan20258888
[yuan20258888] 抓取成功：2054188171852910653
[yuan20258888] 无新推文
[Reboottttttt] 加载：https://xcancel.com/Reboottttttt
[Reboottttttt] https://xcancel.com 未找到推文
[Reboottttttt] 加载：https://nitter.privacyredirect.com/Reboottttttt
[Reboottttttt] 跳过置顶
[Reboottttttt] 抓取成功：2054166505215135763
[Reboottttttt] 无新推文
[xeogy92298766] 加载：https://nitter.privacyredirect.com/xeogy92298766
[xeogy92298766] 跳过置顶
[xeogy92298766] 抓取成功：2053735843882529154
[xeogy92298766] 无新推文
--- 耗时 109.0s，休眠 491.0s ---

--- 新轮询 [2026-05-12 22:12:53] ---
[u9_BlockChain] 加载：https://nitter.privacyredirect.com/u9_BlockChain
[u9_BlockChain] 跳过置顶
[u9_BlockChain] 抓取成功：2054202292853981264
[u9_BlockChain] 新推文：2054202292853981264
[u9_BlockChain] Telegram 图片推送成功
[Feng_btc] 加载：https://nitter.net/Feng_btc
[Feng_btc] https://nitter.net 未找到推文
[Feng_btc] 加载：https://nitter.tiekoetter.com/Feng_btc
[Feng_btc] https://nitter.tiekoetter.com 未找到推文
[Feng_btc] 加载：https://nitter.catsarch.com/Feng_btc
[Feng_btc] https://nitter.catsarch.com 403，跳过
[Feng_btc] 加载：https://xcancel.com/Feng_btc
[Feng_btc] https://xcancel.com 未找到推文
[Feng_btc] 加载：https://nitter.privacyredirect.com/Feng_btc
[Feng_btc] 跳过置顶
[Feng_btc] 抓取成功：2054202917910126836
[Feng_btc] 新推文：2054202917910126836
[Feng_btc] Telegram 图片推送成功
[luyuban69] 加载：https://nitter.privacyredirect.com/luyuban69
[luyuban69] 跳过置顶
[luyuban69] 抓取成功：2054172886236274799
[luyuban69] 无新推文
[YOYO_uu9] 加载：https://xcancel.com/YOYO_uu9
[YOYO_uu9] https://xcancel.com 未找到推文
[YOYO_uu9] 加载：https://nitter.net/YOYO_uu9
[YOYO_uu9] https://nitter.net 未找到推文
[YOYO_uu9] 加载：https://nitter.tiekoetter.com/YOYO_uu9
[YOYO_uu9] 跳过置顶
[YOYO_uu9] 抓取成功：2053876935697301713
[YOYO_uu9] 无新推文
[CryptoUKong] 加载：https://nitter.net/CryptoUKong
[CryptoUKong] https://nitter.net 未找到推文
[CryptoUKong] 加载：https://xcancel.com/CryptoUKong
[CryptoUKong] https://xcancel.com 未找到推文
[CryptoUKong] 加载：https://nitter.tiekoetter.com/CryptoUKong
[CryptoUKong] https://nitter.tiekoetter.com 未找到推文
[CryptoUKong] 加载：https://nitter.catsarch.com/CryptoUKong
[CryptoUKong] https://nitter.catsarch.com 403，跳过
[CryptoUKong] 加载：https://nitter.privacyredirect.com/CryptoUKong
[CryptoUKong] 抓取成功：2053927174109892711
[CryptoUKong] 无新推文
[yuan20258888] 加载：https://nitter.tiekoetter.com/yuan20258888
[yuan20258888] https://nitter.tiekoetter.com 未找到推文
[yuan20258888] 加载：https://xcancel.com/yuan20258888
[yuan20258888] https://xcancel.com 未找到推文
[yuan20258888] 加载：https://nitter.net/yuan20258888
[yuan20258888] https://nitter.net 未找到推文
[yuan20258888] 加载：https://nitter.catsarch.com/yuan20258888
[yuan20258888] https://nitter.catsarch.com 403，跳过
[yuan20258888] 加载：https://nitter.privacyredirect.com/yuan20258888
[yuan20258888] 抓取成功：2054188171852910653
[yuan20258888] 无新推文
[Reboottttttt] 加载：https://nitter.tiekoetter.com/Reboottttttt
[Reboottttttt] https://nitter.tiekoetter.com 未找到推文
[Reboottttttt] 加载：https://nitter.catsarch.com/Reboottttttt
[Reboottttttt] https://nitter.catsarch.com 403，跳过
[Reboottttttt] 加载：https://nitter.net/Reboottttttt
[Reboottttttt] https://nitter.net 未找到推文
[Reboottttttt] 加载：https://nitter.privacyredirect.com/Reboottttttt
[Reboottttttt] 跳过置顶
[Reboottttttt] 抓取成功：2054166505215135763
[Reboottttttt] 无新推文
[xeogy92298766] 加载：https://xcancel.com/xeogy92298766
[xeogy92298766] https://xcancel.com 未找到推文
[xeogy92298766] 加载：https://nitter.net/xeogy92298766
[xeogy92298766] https://nitter.net 未找到推文
[xeogy92298766] 加载：https://nitter.catsarch.com/xeogy92298766
[xeogy92298766] https://nitter.catsarch.com 403，跳过
[xeogy92298766] 加载：https://nitter.tiekoetter.com/xeogy92298766
[xeogy92298766] 跳过置顶
[xeogy92298766] 抓取成功：2053735843882529154
[xeogy92298766] 无新推文
[系统] last_id.json 已更新
--- 耗时 122.7s，休眠 477.3s ---

--- 新轮询 [2026-05-12 22:23:21] ---
[u9_BlockChain] 加载：https://nitter.privacyredirect.com/u9_BlockChain
[u9_BlockChain] 跳过置顶
[u9_BlockChain] 抓取成功：2054202292853981264
[u9_BlockChain] 无新推文
[Feng_btc] 加载：https://nitter.tiekoetter.com/Feng_btc
[Feng_btc] https://nitter.tiekoetter.com 未找到推文
[Feng_btc] 加载：https://xcancel.com/Feng_btc
[Feng_btc] https://xcancel.com 未找到推文
[Feng_btc] 加载：https://nitter.privacyredirect.com/Feng_btc
[Feng_btc] 跳过置顶
[Feng_btc] 抓取成功：2054202917910126836
[Feng_btc] 无新推文
[luyuban69] 加载：https://xcancel.com/luyuban69
[luyuban69] https://xcancel.com 未找到推文
[luyuban69] 加载：https://nitter.net/luyuban69
[luyuban69] https://nitter.net 未找到推文
[luyuban69] 加载：https://nitter.tiekoetter.com/luyuban69
[luyuban69] https://nitter.tiekoetter.com 未找到推文
[luyuban69] 加载：https://nitter.privacyredirect.com/luyuban69
[luyuban69] 跳过置顶
[luyuban69] 抓取成功：2054172886236274799
[luyuban69] 无新推文
[YOYO_uu9] 加载：https://nitter.tiekoetter.com/YOYO_uu9
[YOYO_uu9] https://nitter.tiekoetter.com 未找到推文
[YOYO_uu9] 加载：https://xcancel.com/YOYO_uu9
[YOYO_uu9] https://xcancel.com 未找到推文
[YOYO_uu9] 加载：https://nitter.net/YOYO_uu9
[YOYO_uu9] https://nitter.net 未找到推文
[YOYO_uu9] 加载：https://nitter.catsarch.com/YOYO_uu9
[YOYO_uu9] https://nitter.catsarch.com 403，跳过
[YOYO_uu9] 加载：https://nitter.privacyredirect.com/YOYO_uu9
[YOYO_uu9] 跳过置顶
[YOYO_uu9] 抓取成功：2053876935697301713
[YOYO_uu9] 无新推文
[CryptoUKong] 加载：https://nitter.catsarch.com/CryptoUKong
[CryptoUKong] https://nitter.catsarch.com 403，跳过
[CryptoUKong] 加载：https://nitter.privacyredirect.com/CryptoUKong
[CryptoUKong] 抓取成功：2053927174109892711
[CryptoUKong] 无新推文
[yuan20258888] 加载：https://nitter.tiekoetter.com/yuan20258888
[yuan20258888] 抓取成功：2054161235604844703
[yuan20258888] 无新推文
[Reboottttttt] 加载：https://xcancel.com/Reboottttttt
[Reboottttttt] https://xcancel.com 未找到推文
[Reboottttttt] 加载：https://nitter.privacyredirect.com/Reboottttttt
[Reboottttttt] https://nitter.privacyredirect.com 未找到推文
[Reboottttttt] 加载：https://nitter.tiekoetter.com/Reboottttttt
[Reboottttttt] https://nitter.tiekoetter.com 未找到推文
[Reboottttttt] 加载：https://nitter.net/Reboottttttt
[Reboottttttt] https://nitter.net 未找到推文
[Reboottttttt] 加载：https://nitter.catsarch.com/Reboottttttt
[Reboottttttt] https://nitter.catsarch.com 403，跳过
[Reboottttttt] 加载：https://nuku.trabun.org/Reboottttttt
[Reboottttttt] https://nuku.trabun.org 403，跳过
[Reboottttttt] 加载：https://nitter.kareem.one/Reboottttttt
[Reboottttttt] https://nitter.kareem.one 403，跳过
[Reboottttttt] 加载：https://lightbrd.com/Reboottttttt
[Reboottttttt] https://lightbrd.com 403，跳过
[Reboottttttt] 加载：https://nitter.space/Reboottttttt
[Reboottttttt] https://nitter.space 403，跳过
[Reboottttttt] 加载：https://nitter.poast.org/Reboottttttt
[Reboottttttt] 浏览器验证中 (1/5)...
[Reboottttttt] 跳过置顶
[Reboottttttt] 抓取成功：2054166505215135763
[Reboottttttt] 无新推文
[xeogy92298766] 加载：https://nitter.catsarch.com/xeogy92298766
[xeogy92298766] https://nitter.catsarch.com 403，跳过
[xeogy92298766] 加载：https://nitter.net/xeogy92298766
[xeogy92298766] https://nitter.net 未找到推文
[xeogy92298766] 加载：https://xcancel.com/xeogy92298766
[xeogy92298766] https://xcancel.com 未找到推文
[xeogy92298766] 加载：https://nitter.privacyredirect.com/xeogy92298766
[xeogy92298766] 跳过置顶
[xeogy92298766] 抓取成功：2053735843882529154
[xeogy92298766] 无新推文
--- 耗时 124.2s，休眠 475.8s ---

--- 新轮询 [2026-05-12 22:33:50] ---
[u9_BlockChain] 加载：https://xcancel.com/u9_BlockChain
[u9_BlockChain] https://xcancel.com 未找到推文
[u9_BlockChain] 加载：https://nitter.net/u9_BlockChain
[u9_BlockChain] https://nitter.net 未找到推文
[u9_BlockChain] 加载：https://nitter.catsarch.com/u9_BlockChain
[u9_BlockChain] https://nitter.catsarch.com 403，跳过
[u9_BlockChain] 加载：https://nitter.tiekoetter.com/u9_BlockChain
[u9_BlockChain] 跳过置顶
[u9_BlockChain] 抓取成功：2054116306774098262
[u9_BlockChain] 无新推文
[Feng_btc] 加载：https://nitter.tiekoetter.com/Feng_btc
[Feng_btc] 跳过置顶
[Feng_btc] 抓取成功：2054150111287238969
[Feng_btc] 无新推文
[luyuban69] 加载：https://xcancel.com/luyuban69
[luyuban69] https://xcancel.com 未找到推文
[luyuban69] 加载：https://nitter.tiekoetter.com/luyuban69
[luyuban69] https://nitter.tiekoetter.com 未找到推文
[luyuban69] 加载：https://nitter.privacyredirect.com/luyuban69
[luyuban69] 跳过置顶
[luyuban69] 抓取成功：2054172886236274799
[luyuban69] 无新推文
[YOYO_uu9] 加载：https://xcancel.com/YOYO_uu9
[YOYO_uu9] https://xcancel.com 未找到推文
[YOYO_uu9] 加载：https://nitter.tiekoetter.com/YOYO_uu9
[YOYO_uu9] https://nitter.tiekoetter.com 未找到推文
[YOYO_uu9] 加载：https://nitter.catsarch.com/YOYO_uu9
[YOYO_uu9] https://nitter.catsarch.com 403，跳过
[YOYO_uu9] 加载：https://nitter.net/YOYO_uu9
[YOYO_uu9] https://nitter.net 未找到推文
[YOYO_uu9] 加载：https://nitter.privacyredirect.com/YOYO_uu9
[YOYO_uu9] 跳过置顶
[YOYO_uu9] 抓取成功：2053876935697301713
[YOYO_uu9] 无新推文
[CryptoUKong] 加载：https://nitter.net/CryptoUKong
[CryptoUKong] https://nitter.net 未找到推文
[CryptoUKong] 加载：https://xcancel.com/CryptoUKong
[CryptoUKong] https://xcancel.com 未找到推文
[CryptoUKong] 加载：https://nitter.tiekoetter.com/CryptoUKong
[CryptoUKong] 抓取成功：2053927174109892711
[CryptoUKong] 无新推文
[yuan20258888] 加载：https://nitter.privacyredirect.com/yuan20258888
[yuan20258888] 抓取成功：2054188171852910653
[yuan20258888] 无新推文
[Reboottttttt] 加载：https://nitter.net/Reboottttttt
[Reboottttttt] https://nitter.net 未找到推文
[Reboottttttt] 加载：https://nitter.privacyredirect.com/Reboottttttt
[Reboottttttt] 跳过置顶
[Reboottttttt] 抓取成功：2054208453871370449
[Reboottttttt] 新推文：2054208453871370449
[Reboottttttt] Telegram 图片推送成功
[xeogy92298766] 加载：https://nitter.tiekoetter.com/xeogy92298766
[xeogy92298766] https://nitter.tiekoetter.com 未找到推文
[xeogy92298766] 加载：https://nitter.net/xeogy92298766
[xeogy92298766] https://nitter.net 未找到推文
[xeogy92298766] 加载：https://nitter.catsarch.com/xeogy92298766
[xeogy92298766] https://nitter.catsarch.com 403，跳过
[xeogy92298766] 加载：https://nitter.privacyredirect.com/xeogy92298766
[xeogy92298766] 跳过置顶
[xeogy92298766] 抓取成功：2053735843882529154
[xeogy92298766] 无新推文
[系统] last_id.json 已更新
--- 耗时 100.3s，休眠 499.7s ---

--- 新轮询 [2026-05-12 22:44:21] ---
[u9_BlockChain] 加载：https://nitter.privacyredirect.com/u9_BlockChain
[u9_BlockChain] 跳过置顶
[u9_BlockChain] 抓取成功：2054202292853981264
[u9_BlockChain] 无新推文
[Feng_btc] 加载：https://xcancel.com/Feng_btc
[Feng_btc] https://xcancel.com 未找到推文
[Feng_btc] 加载：https://nitter.catsarch.com/Feng_btc
[Feng_btc] https://nitter.catsarch.com 403，跳过
[Feng_btc] 加载：https://nitter.tiekoetter.com/Feng_btc
[Feng_btc] https://nitter.tiekoetter.com 未找到推文
[Feng_btc] 加载：https://nitter.privacyredirect.com/Feng_btc
[Feng_btc] 跳过置顶
[Feng_btc] 抓取成功：2054202917910126836
[Feng_btc] 无新推文
[luyuban69] 加载：https://nitter.net/luyuban69
[luyuban69] https://nitter.net 未找到推文
[luyuban69] 加载：https://nitter.tiekoetter.com/luyuban69
[luyuban69] 跳过置顶
[luyuban69] 抓取成功：2054120379711697224
[luyuban69] 无新推文
[YOYO_uu9] 加载：https://nitter.net/YOYO_uu9
[YOYO_uu9] https://nitter.net 未找到推文
[YOYO_uu9] 加载：https://xcancel.com/YOYO_uu9
[YOYO_uu9] https://xcancel.com 未找到推文
[YOYO_uu9] 加载：https://nitter.privacyredirect.com/YOYO_uu9
[YOYO_uu9] 跳过置顶
[YOYO_uu9] 抓取成功：2053876935697301713
[YOYO_uu9] 无新推文
[CryptoUKong] 加载：https://xcancel.com/CryptoUKong
[CryptoUKong] https://xcancel.com 未找到推文
[CryptoUKong] 加载：https://nitter.catsarch.com/CryptoUKong
[CryptoUKong] https://nitter.catsarch.com 403，跳过
[CryptoUKong] 加载：https://nitter.net/CryptoUKong
[CryptoUKong] https://nitter.net 未找到推文
[CryptoUKong] 加载：https://nitter.tiekoetter.com/CryptoUKong
[CryptoUKong] https://nitter.tiekoetter.com 未找到推文
[CryptoUKong] 加载：https://nitter.privacyredirect.com/CryptoUKong
[CryptoUKong] 抓取成功：2054206775193452993
[CryptoUKong] 新推文：2054206775193452993
[CryptoUKong] Telegram 图片推送成功
[yuan20258888] 加载：https://xcancel.com/yuan20258888
[yuan20258888] https://xcancel.com 未找到推文
[yuan20258888] 加载：https://nitter.tiekoetter.com/yuan20258888
[yuan20258888] https://nitter.tiekoetter.com 未找到推文
[yuan20258888] 加载：https://nitter.catsarch.com/yuan20258888
[yuan20258888] https://nitter.catsarch.com 403，跳过
[yuan20258888] 加载：https://nitter.privacyredirect.com/yuan20258888
[yuan20258888] 抓取成功：2054188171852910653
[yuan20258888] 无新推文
[Reboottttttt] 加载：https://nitter.catsarch.com/Reboottttttt
[Reboottttttt] https://nitter.catsarch.com 403，跳过
[Reboottttttt] 加载：https://xcancel.com/Reboottttttt
[Reboottttttt] https://xcancel.com 未找到推文
[Reboottttttt] 加载：https://nitter.net/Reboottttttt
[Reboottttttt] https://nitter.net 未找到推文
[Reboottttttt] 加载：https://nitter.tiekoetter.com/Reboottttttt
[Reboottttttt] 跳过置顶
[Reboottttttt] 抓取成功：2054116091803427088
[Reboottttttt] 无新推文
[xeogy92298766] 加载：https://nitter.tiekoetter.com/xeogy92298766
[xeogy92298766] https://nitter.tiekoetter.com 未找到推文
[xeogy92298766] 加载：https://xcancel.com/xeogy92298766
[xeogy92298766] https://xcancel.com 未找到推文
[xeogy92298766] 加载：https://nitter.net/xeogy92298766
[xeogy92298766] https://nitter.net 未找到推文
[xeogy92298766] 加载：https://nitter.privacyredirect.com/xeogy92298766
[xeogy92298766] 跳过置顶
[xeogy92298766] 抓取成功：2053735843882529154
[xeogy92298766] 无新推文
[系统] last_id.json 已更新
--- 耗时 117.7s，休眠 482.3s ---

--- 新轮询 [2026-05-12 22:54:51] ---
[u9_BlockChain] 加载：https://nitter.tiekoetter.com/u9_BlockChain
[u9_BlockChain] https://nitter.tiekoetter.com 加载失败：Timeout 45000ms exceeded.
[u9_BlockChain] 加载：https://nitter.net/u9_BlockChain
[u9_BlockChain] https://nitter.net 未找到推文
[u9_BlockChain] 加载：https://nitter.privacyredirect.com/u9_BlockChain
[u9_BlockChain] 跳过置顶
[u9_BlockChain] 抓取成功：2054202292853981264
[u9_BlockChain] 无新推文
[Feng_btc] 加载：https://nitter.tiekoetter.com/Feng_btc
[Feng_btc] https://nitter.tiekoetter.com 未找到推文
[Feng_btc] 加载：https://nitter.privacyredirect.com/Feng_btc
[Feng_btc] 跳过置顶
[Feng_btc] 抓取成功：2054202917910126836
[Feng_btc] 无新推文
[luyuban69] 加载：https://nitter.net/luyuban69
